[2025-03-31T22:18:45.456+0000] {local_task_job_runner.py:120} INFO - ::group::Pre task execution logs
[2025-03-31T22:18:45.464+0000] {taskinstance.py:2076} INFO - Dependencies all met for dep_context=non-requeueable deps ti=<TaskInstance: sensor_data_pipeline.create_kafka_hdfs_sink manual__2025-03-31T22:18:39.957207+00:00 [queued]>
[2025-03-31T22:18:45.466+0000] {taskinstance.py:2076} INFO - Dependencies all met for dep_context=requeueable deps ti=<TaskInstance: sensor_data_pipeline.create_kafka_hdfs_sink manual__2025-03-31T22:18:39.957207+00:00 [queued]>
[2025-03-31T22:18:45.466+0000] {taskinstance.py:2306} INFO - Starting attempt 1 of 2
[2025-03-31T22:18:45.471+0000] {taskinstance.py:2330} INFO - Executing <Task(PythonOperator): create_kafka_hdfs_sink> on 2025-03-31 22:18:39.957207+00:00
[2025-03-31T22:18:45.474+0000] {standard_task_runner.py:64} INFO - Started process 163 to run task
[2025-03-31T22:18:45.475+0000] {standard_task_runner.py:90} INFO - Running: ['airflow', 'tasks', 'run', 'sensor_data_pipeline', 'create_kafka_hdfs_sink', 'manual__2025-03-31T22:18:39.957207+00:00', '--job-id', '75', '--raw', '--subdir', 'DAGS_FOLDER/pipeline.py', '--cfg-path', '/tmp/tmpvij80gt5']
[2025-03-31T22:18:45.476+0000] {standard_task_runner.py:91} INFO - Job 75: Subtask create_kafka_hdfs_sink
[2025-03-31T22:18:45.489+0000] {task_command.py:426} INFO - Running <TaskInstance: sensor_data_pipeline.create_kafka_hdfs_sink manual__2025-03-31T22:18:39.957207+00:00 [running]> on host airflow
[2025-03-31T22:18:45.516+0000] {taskinstance.py:2648} INFO - Exporting env vars: AIRFLOW_CTX_DAG_OWNER='airflow' AIRFLOW_CTX_DAG_ID='sensor_data_pipeline' AIRFLOW_CTX_TASK_ID='create_kafka_hdfs_sink' AIRFLOW_CTX_EXECUTION_DATE='2025-03-31T22:18:39.957207+00:00' AIRFLOW_CTX_TRY_NUMBER='1' AIRFLOW_CTX_DAG_RUN_ID='manual__2025-03-31T22:18:39.957207+00:00'
[2025-03-31T22:18:45.516+0000] {taskinstance.py:430} INFO - ::endgroup::
[2025-03-31T22:18:45.520+0000] {pipeline.py:66} INFO - Creating Kafka-HDFS sink connector for topic 'sensores'
[2025-03-31T22:18:45.520+0000] {pipeline.py:85} INFO - Sending connector configuration to Kafka Connect REST API
[2025-03-31T22:18:45.528+0000] {pipeline.py:97} INFO - ℹ️ Connector already exists, continuing with existing connector
[2025-03-31T22:18:45.528+0000] {python.py:237} INFO - Done. Returned value was: None
[2025-03-31T22:18:45.528+0000] {taskinstance.py:441} INFO - ::group::Post task execution logs
[2025-03-31T22:18:45.530+0000] {taskinstance.py:1206} INFO - Marking task as SUCCESS. dag_id=sensor_data_pipeline, task_id=create_kafka_hdfs_sink, run_id=manual__2025-03-31T22:18:39.957207+00:00, execution_date=20250331T221839, start_date=20250331T221845, end_date=20250331T221845
[2025-03-31T22:18:45.539+0000] {local_task_job_runner.py:243} INFO - Task exited with return code 0
[2025-03-31T22:18:45.550+0000] {taskinstance.py:3503} INFO - 1 downstream tasks scheduled from follow-on schedule check
[2025-03-31T22:18:45.552+0000] {local_task_job_runner.py:222} INFO - ::endgroup::
