[2025-04-06T18:54:07.369+0000] {local_task_job_runner.py:120} INFO - ::group::Pre task execution logs
[2025-04-06T18:54:07.380+0000] {taskinstance.py:2076} INFO - Dependencies all met for dep_context=non-requeueable deps ti=<TaskInstance: sensor_data_pipeline.create_kafka_hdfs_sink manual__2025-04-06T18:54:04.291387+00:00 [queued]>
[2025-04-06T18:54:07.383+0000] {taskinstance.py:2076} INFO - Dependencies all met for dep_context=requeueable deps ti=<TaskInstance: sensor_data_pipeline.create_kafka_hdfs_sink manual__2025-04-06T18:54:04.291387+00:00 [queued]>
[2025-04-06T18:54:07.383+0000] {taskinstance.py:2306} INFO - Starting attempt 1 of 2
[2025-04-06T18:54:07.390+0000] {taskinstance.py:2330} INFO - Executing <Task(PythonOperator): create_kafka_hdfs_sink> on 2025-04-06 18:54:04.291387+00:00
[2025-04-06T18:54:07.393+0000] {standard_task_runner.py:64} INFO - Started process 166 to run task
[2025-04-06T18:54:07.396+0000] {standard_task_runner.py:90} INFO - Running: ['airflow', 'tasks', 'run', 'sensor_data_pipeline', 'create_kafka_hdfs_sink', 'manual__2025-04-06T18:54:04.291387+00:00', '--job-id', '84', '--raw', '--subdir', 'DAGS_FOLDER/pipeline.py', '--cfg-path', '/tmp/tmp73wagvjs']
[2025-04-06T18:54:07.398+0000] {standard_task_runner.py:91} INFO - Job 84: Subtask create_kafka_hdfs_sink
[2025-04-06T18:54:07.419+0000] {task_command.py:426} INFO - Running <TaskInstance: sensor_data_pipeline.create_kafka_hdfs_sink manual__2025-04-06T18:54:04.291387+00:00 [running]> on host airflow
[2025-04-06T18:54:07.450+0000] {taskinstance.py:2648} INFO - Exporting env vars: AIRFLOW_CTX_DAG_OWNER='airflow' AIRFLOW_CTX_DAG_ID='sensor_data_pipeline' AIRFLOW_CTX_TASK_ID='create_kafka_hdfs_sink' AIRFLOW_CTX_EXECUTION_DATE='2025-04-06T18:54:04.291387+00:00' AIRFLOW_CTX_TRY_NUMBER='1' AIRFLOW_CTX_DAG_RUN_ID='manual__2025-04-06T18:54:04.291387+00:00'
[2025-04-06T18:54:07.450+0000] {taskinstance.py:430} INFO - ::endgroup::
[2025-04-06T18:54:07.463+0000] {pipeline.py:61} INFO - Creating Kafka-HDFS sink connector for topic 'sensores'
[2025-04-06T18:54:07.463+0000] {pipeline.py:80} INFO - Sending connector configuration to Kafka Connect
[2025-04-06T18:54:07.546+0000] {pipeline.py:89} INFO - Connector created successfully
[2025-04-06T18:54:07.546+0000] {python.py:237} INFO - Done. Returned value was: None
[2025-04-06T18:54:07.546+0000] {taskinstance.py:441} INFO - ::group::Post task execution logs
[2025-04-06T18:54:07.549+0000] {taskinstance.py:1206} INFO - Marking task as SUCCESS. dag_id=sensor_data_pipeline, task_id=create_kafka_hdfs_sink, run_id=manual__2025-04-06T18:54:04.291387+00:00, execution_date=20250406T185404, start_date=20250406T185407, end_date=20250406T185407
[2025-04-06T18:54:07.577+0000] {local_task_job_runner.py:243} INFO - Task exited with return code 0
[2025-04-06T18:54:07.636+0000] {taskinstance.py:3503} INFO - 1 downstream tasks scheduled from follow-on schedule check
[2025-04-06T18:54:07.641+0000] {local_task_job_runner.py:222} INFO - ::endgroup::
