[2025-03-31T21:42:36.978+0000] {local_task_job_runner.py:120} INFO - ::group::Pre task execution logs
[2025-03-31T21:42:36.986+0000] {taskinstance.py:2076} INFO - Dependencies all met for dep_context=non-requeueable deps ti=<TaskInstance: sensor_data_pipeline.create_database manual__2025-03-30T16:38:15.319337+00:00 [queued]>
[2025-03-31T21:42:36.988+0000] {taskinstance.py:2076} INFO - Dependencies all met for dep_context=requeueable deps ti=<TaskInstance: sensor_data_pipeline.create_database manual__2025-03-30T16:38:15.319337+00:00 [queued]>
[2025-03-31T21:42:36.988+0000] {taskinstance.py:2306} INFO - Starting attempt 1 of 2
[2025-03-31T21:42:36.997+0000] {taskinstance.py:2330} INFO - Executing <Task(PythonOperator): create_database> on 2025-03-30 16:38:15.319337+00:00
[2025-03-31T21:42:36.999+0000] {standard_task_runner.py:64} INFO - Started process 181 to run task
[2025-03-31T21:42:37.001+0000] {standard_task_runner.py:90} INFO - Running: ['airflow', 'tasks', 'run', 'sensor_data_pipeline', 'create_database', 'manual__2025-03-30T16:38:15.319337+00:00', '--job-id', '25', '--raw', '--subdir', 'DAGS_FOLDER/pipeline.py', '--cfg-path', '/tmp/tmpd9uudblw']
[2025-03-31T21:42:37.002+0000] {standard_task_runner.py:91} INFO - Job 25: Subtask create_database
[2025-03-31T21:42:37.020+0000] {task_command.py:426} INFO - Running <TaskInstance: sensor_data_pipeline.create_database manual__2025-03-30T16:38:15.319337+00:00 [running]> on host airflow
[2025-03-31T21:42:37.067+0000] {taskinstance.py:2648} INFO - Exporting env vars: AIRFLOW_CTX_DAG_OWNER='airflow' AIRFLOW_CTX_DAG_ID='sensor_data_pipeline' AIRFLOW_CTX_TASK_ID='create_database' AIRFLOW_CTX_EXECUTION_DATE='2025-03-30T16:38:15.319337+00:00' AIRFLOW_CTX_TRY_NUMBER='1' AIRFLOW_CTX_DAG_RUN_ID='manual__2025-03-30T16:38:15.319337+00:00'
[2025-03-31T21:42:37.067+0000] {taskinstance.py:430} INFO - ::endgroup::
[2025-03-31T21:42:37.073+0000] {pipeline.py:112} INFO - Creating Hive database 'sensors' if it doesn't exist
[2025-03-31T21:42:37.073+0000] {pipeline.py:114} INFO - Connecting to Hive using HiveServer2Hook
[2025-03-31T21:42:37.078+0000] {base.py:84} INFO - Using connection ID 'hive_default' for task execution.
[2025-03-31T21:42:37.250+0000] {hive.py:475} INFO - USE `default`
[2025-03-31T21:42:39.118+0000] {pipeline.py:119} INFO - Executing CREATE DATABASE IF NOT EXISTS sensors
[2025-03-31T21:42:39.118+0000] {hive.py:475} INFO - CREATE DATABASE IF NOT EXISTS sensors
[2025-03-31T21:42:39.327+0000] {pipeline.py:122} INFO - Closing Hive connection
[2025-03-31T21:42:39.343+0000] {pipeline.py:126} INFO - ✅ Database 'sensors' created successfully
[2025-03-31T21:42:39.343+0000] {python.py:237} INFO - Done. Returned value was: None
[2025-03-31T21:42:39.343+0000] {taskinstance.py:441} INFO - ::group::Post task execution logs
[2025-03-31T21:42:39.348+0000] {taskinstance.py:1206} INFO - Marking task as SUCCESS. dag_id=sensor_data_pipeline, task_id=create_database, run_id=manual__2025-03-30T16:38:15.319337+00:00, execution_date=20250330T163815, start_date=20250331T214236, end_date=20250331T214239
[2025-03-31T21:42:39.397+0000] {local_task_job_runner.py:243} INFO - Task exited with return code 0
[2025-03-31T21:42:39.407+0000] {taskinstance.py:3503} INFO - 1 downstream tasks scheduled from follow-on schedule check
[2025-03-31T21:42:39.409+0000] {local_task_job_runner.py:222} INFO - ::endgroup::
