[2025-03-31T22:18:53.116+0000] {local_task_job_runner.py:120} INFO - ::group::Pre task execution logs
[2025-03-31T22:18:53.125+0000] {taskinstance.py:2076} INFO - Dependencies all met for dep_context=non-requeueable deps ti=<TaskInstance: sensor_data_pipeline.query_avg_temp manual__2025-03-31T22:18:39.957207+00:00 [queued]>
[2025-03-31T22:18:53.127+0000] {taskinstance.py:2076} INFO - Dependencies all met for dep_context=requeueable deps ti=<TaskInstance: sensor_data_pipeline.query_avg_temp manual__2025-03-31T22:18:39.957207+00:00 [queued]>
[2025-03-31T22:18:53.127+0000] {taskinstance.py:2306} INFO - Starting attempt 1 of 2
[2025-03-31T22:18:53.133+0000] {taskinstance.py:2330} INFO - Executing <Task(PythonOperator): query_avg_temp> on 2025-03-31 22:18:39.957207+00:00
[2025-03-31T22:18:53.135+0000] {standard_task_runner.py:64} INFO - Started process 218 to run task
[2025-03-31T22:18:53.137+0000] {standard_task_runner.py:90} INFO - Running: ['airflow', 'tasks', 'run', 'sensor_data_pipeline', 'query_avg_temp', 'manual__2025-03-31T22:18:39.957207+00:00', '--job-id', '79', '--raw', '--subdir', 'DAGS_FOLDER/pipeline.py', '--cfg-path', '/tmp/tmpaclixxum']
[2025-03-31T22:18:53.137+0000] {standard_task_runner.py:91} INFO - Job 79: Subtask query_avg_temp
[2025-03-31T22:18:53.151+0000] {task_command.py:426} INFO - Running <TaskInstance: sensor_data_pipeline.query_avg_temp manual__2025-03-31T22:18:39.957207+00:00 [running]> on host airflow
[2025-03-31T22:18:53.177+0000] {taskinstance.py:2648} INFO - Exporting env vars: AIRFLOW_CTX_DAG_OWNER='airflow' AIRFLOW_CTX_DAG_ID='sensor_data_pipeline' AIRFLOW_CTX_TASK_ID='query_avg_temp' AIRFLOW_CTX_EXECUTION_DATE='2025-03-31T22:18:39.957207+00:00' AIRFLOW_CTX_TRY_NUMBER='1' AIRFLOW_CTX_DAG_RUN_ID='manual__2025-03-31T22:18:39.957207+00:00'
[2025-03-31T22:18:53.177+0000] {taskinstance.py:430} INFO - ::endgroup::
[2025-03-31T22:18:53.181+0000] {pipeline.py:178} INFO - Executing query to get average temperature by location and day
[2025-03-31T22:18:53.185+0000] {base.py:84} INFO - Using connection ID 'hive_default' for task execution.
[2025-03-31T22:18:53.198+0000] {hive.py:475} INFO - USE `default`
[2025-03-31T22:18:53.206+0000] {hive.py:475} INFO - 
            SELECT
                record_datetime,
                AVG(temperature_salon) AS avg_temperature_salon,
                AVG(temperature_chambre) AS avg_temperature_chambre,
                AVG(temperature_bureau) AS avg_temperature_bureau,
                AVG(temperature_exterieur) AS avg_temperature_exterieur
            FROM sensors.records
            GROUP BY record_datetime
        
[2025-03-31T22:18:54.568+0000] {pipeline.py:197} INFO - Query executed successfully. Rows returned: [('2023-08-28', 24.760132616216485, 25.27140152093136, 25.51335233630556, 15.688617359508168), ('2023-08-29', 23.94632345087388, 24.65606616525089, 24.88216921862434, 14.207683815675622)]
[2025-03-31T22:18:54.569+0000] {pipeline.py:198} INFO - Results:
[2025-03-31T22:18:54.569+0000] {pipeline.py:199} INFO - datetime | avg_temperature_salon | avg_temperature_chambre | avg_temperature_bureau | avg_temperature_exterieur
[2025-03-31T22:18:54.569+0000] {pipeline.py:203} INFO - 2023-08-28 | 24.760132616216485 | 25.27140152093136 | 25.51335233630556 | 15.688617359508168
[2025-03-31T22:18:54.569+0000] {pipeline.py:203} INFO - 2023-08-29 | 23.94632345087388 | 24.65606616525089 | 24.88216921862434 | 14.207683815675622
[2025-03-31T22:18:54.569+0000] {pipeline.py:204} INFO - Closing Hive connection
[2025-03-31T22:18:54.569+0000] {python.py:237} INFO - Done. Returned value was: None
[2025-03-31T22:18:54.569+0000] {taskinstance.py:441} INFO - ::group::Post task execution logs
[2025-03-31T22:18:54.572+0000] {taskinstance.py:1206} INFO - Marking task as SUCCESS. dag_id=sensor_data_pipeline, task_id=query_avg_temp, run_id=manual__2025-03-31T22:18:39.957207+00:00, execution_date=20250331T221839, start_date=20250331T221853, end_date=20250331T221854
[2025-03-31T22:18:54.597+0000] {local_task_job_runner.py:243} INFO - Task exited with return code 0
[2025-03-31T22:18:54.610+0000] {taskinstance.py:3503} INFO - 1 downstream tasks scheduled from follow-on schedule check
[2025-03-31T22:18:54.613+0000] {local_task_job_runner.py:222} INFO - ::endgroup::
