[2025-04-05T09:12:01.628+0000] {processor.py:161} INFO - Started process (PID=149) to work on /opt/airflow/dags/pipeline.py
[2025-04-05T09:12:01.629+0000] {processor.py:830} INFO - Processing file /opt/airflow/dags/pipeline.py for tasks to queue
[2025-04-05T09:12:01.629+0000] {logging_mixin.py:188} INFO - [2025-04-05T09:12:01.629+0000] {dagbag.py:545} INFO - Filling up the DagBag from /opt/airflow/dags/pipeline.py
[2025-04-05T09:12:01.723+0000] {processor.py:840} INFO - DAG(s) 'sensor_data_pipeline' retrieved from /opt/airflow/dags/pipeline.py
[2025-04-05T09:12:01.726+0000] {logging_mixin.py:188} INFO - [2025-04-05T09:12:01.726+0000] {dag.py:3089} INFO - Sync 1 DAGs
[2025-04-05T09:12:01.731+0000] {logging_mixin.py:188} INFO - [2025-04-05T09:12:01.731+0000] {dag.py:3947} INFO - Setting next_dagrun for sensor_data_pipeline to None, run_after=None
[2025-04-05T09:12:01.744+0000] {processor.py:183} INFO - Processing /opt/airflow/dags/pipeline.py took 0.118 seconds
[2025-04-05T09:12:31.870+0000] {processor.py:161} INFO - Started process (PID=151) to work on /opt/airflow/dags/pipeline.py
[2025-04-05T09:12:31.871+0000] {processor.py:830} INFO - Processing file /opt/airflow/dags/pipeline.py for tasks to queue
[2025-04-05T09:12:31.872+0000] {logging_mixin.py:188} INFO - [2025-04-05T09:12:31.872+0000] {dagbag.py:545} INFO - Filling up the DagBag from /opt/airflow/dags/pipeline.py
[2025-04-05T09:12:31.976+0000] {processor.py:840} INFO - DAG(s) 'sensor_data_pipeline' retrieved from /opt/airflow/dags/pipeline.py
[2025-04-05T09:12:32.017+0000] {logging_mixin.py:188} INFO - [2025-04-05T09:12:32.016+0000] {dag.py:3089} INFO - Sync 1 DAGs
[2025-04-05T09:12:32.023+0000] {logging_mixin.py:188} INFO - [2025-04-05T09:12:32.023+0000] {dag.py:3947} INFO - Setting next_dagrun for sensor_data_pipeline to None, run_after=None
[2025-04-05T09:12:32.034+0000] {processor.py:183} INFO - Processing /opt/airflow/dags/pipeline.py took 0.168 seconds
[2025-04-05T09:13:02.455+0000] {processor.py:161} INFO - Started process (PID=153) to work on /opt/airflow/dags/pipeline.py
[2025-04-05T09:13:02.456+0000] {processor.py:830} INFO - Processing file /opt/airflow/dags/pipeline.py for tasks to queue
[2025-04-05T09:13:02.458+0000] {logging_mixin.py:188} INFO - [2025-04-05T09:13:02.457+0000] {dagbag.py:545} INFO - Filling up the DagBag from /opt/airflow/dags/pipeline.py
[2025-04-05T09:13:02.574+0000] {processor.py:840} INFO - DAG(s) 'sensor_data_pipeline' retrieved from /opt/airflow/dags/pipeline.py
[2025-04-05T09:13:02.608+0000] {logging_mixin.py:188} INFO - [2025-04-05T09:13:02.608+0000] {dag.py:3089} INFO - Sync 1 DAGs
[2025-04-05T09:13:02.612+0000] {logging_mixin.py:188} INFO - [2025-04-05T09:13:02.612+0000] {dag.py:3947} INFO - Setting next_dagrun for sensor_data_pipeline to None, run_after=None
[2025-04-05T09:13:02.624+0000] {processor.py:183} INFO - Processing /opt/airflow/dags/pipeline.py took 0.177 seconds
[2025-04-05T09:13:33.005+0000] {processor.py:161} INFO - Started process (PID=155) to work on /opt/airflow/dags/pipeline.py
[2025-04-05T09:13:33.006+0000] {processor.py:830} INFO - Processing file /opt/airflow/dags/pipeline.py for tasks to queue
[2025-04-05T09:13:33.009+0000] {logging_mixin.py:188} INFO - [2025-04-05T09:13:33.008+0000] {dagbag.py:545} INFO - Filling up the DagBag from /opt/airflow/dags/pipeline.py
[2025-04-05T09:13:33.134+0000] {processor.py:840} INFO - DAG(s) 'sensor_data_pipeline' retrieved from /opt/airflow/dags/pipeline.py
[2025-04-05T09:13:33.171+0000] {logging_mixin.py:188} INFO - [2025-04-05T09:13:33.171+0000] {dag.py:3089} INFO - Sync 1 DAGs
[2025-04-05T09:13:33.175+0000] {logging_mixin.py:188} INFO - [2025-04-05T09:13:33.175+0000] {dag.py:3947} INFO - Setting next_dagrun for sensor_data_pipeline to None, run_after=None
[2025-04-05T09:13:33.185+0000] {processor.py:183} INFO - Processing /opt/airflow/dags/pipeline.py took 0.190 seconds
[2025-04-05T09:14:03.585+0000] {processor.py:161} INFO - Started process (PID=157) to work on /opt/airflow/dags/pipeline.py
[2025-04-05T09:14:03.587+0000] {processor.py:830} INFO - Processing file /opt/airflow/dags/pipeline.py for tasks to queue
[2025-04-05T09:14:03.589+0000] {logging_mixin.py:188} INFO - [2025-04-05T09:14:03.589+0000] {dagbag.py:545} INFO - Filling up the DagBag from /opt/airflow/dags/pipeline.py
[2025-04-05T09:14:03.719+0000] {processor.py:840} INFO - DAG(s) 'sensor_data_pipeline' retrieved from /opt/airflow/dags/pipeline.py
[2025-04-05T09:14:03.756+0000] {logging_mixin.py:188} INFO - [2025-04-05T09:14:03.756+0000] {dag.py:3089} INFO - Sync 1 DAGs
[2025-04-05T09:14:03.759+0000] {logging_mixin.py:188} INFO - [2025-04-05T09:14:03.759+0000] {dag.py:3947} INFO - Setting next_dagrun for sensor_data_pipeline to None, run_after=None
[2025-04-05T09:14:03.769+0000] {processor.py:183} INFO - Processing /opt/airflow/dags/pipeline.py took 0.192 seconds
[2025-04-05T09:14:34.129+0000] {processor.py:161} INFO - Started process (PID=159) to work on /opt/airflow/dags/pipeline.py
[2025-04-05T09:14:34.130+0000] {processor.py:830} INFO - Processing file /opt/airflow/dags/pipeline.py for tasks to queue
[2025-04-05T09:14:34.131+0000] {logging_mixin.py:188} INFO - [2025-04-05T09:14:34.131+0000] {dagbag.py:545} INFO - Filling up the DagBag from /opt/airflow/dags/pipeline.py
[2025-04-05T09:14:34.238+0000] {processor.py:840} INFO - DAG(s) 'sensor_data_pipeline' retrieved from /opt/airflow/dags/pipeline.py
[2025-04-05T09:14:34.270+0000] {logging_mixin.py:188} INFO - [2025-04-05T09:14:34.270+0000] {dag.py:3089} INFO - Sync 1 DAGs
[2025-04-05T09:14:34.273+0000] {logging_mixin.py:188} INFO - [2025-04-05T09:14:34.273+0000] {dag.py:3947} INFO - Setting next_dagrun for sensor_data_pipeline to None, run_after=None
[2025-04-05T09:14:34.283+0000] {processor.py:183} INFO - Processing /opt/airflow/dags/pipeline.py took 0.159 seconds
[2025-04-05T09:15:04.539+0000] {processor.py:161} INFO - Started process (PID=161) to work on /opt/airflow/dags/pipeline.py
[2025-04-05T09:15:04.540+0000] {processor.py:830} INFO - Processing file /opt/airflow/dags/pipeline.py for tasks to queue
[2025-04-05T09:15:04.541+0000] {logging_mixin.py:188} INFO - [2025-04-05T09:15:04.540+0000] {dagbag.py:545} INFO - Filling up the DagBag from /opt/airflow/dags/pipeline.py
[2025-04-05T09:15:04.666+0000] {processor.py:840} INFO - DAG(s) 'sensor_data_pipeline' retrieved from /opt/airflow/dags/pipeline.py
[2025-04-05T09:15:04.702+0000] {logging_mixin.py:188} INFO - [2025-04-05T09:15:04.702+0000] {dag.py:3089} INFO - Sync 1 DAGs
[2025-04-05T09:15:04.706+0000] {logging_mixin.py:188} INFO - [2025-04-05T09:15:04.706+0000] {dag.py:3947} INFO - Setting next_dagrun for sensor_data_pipeline to None, run_after=None
[2025-04-05T09:15:04.716+0000] {processor.py:183} INFO - Processing /opt/airflow/dags/pipeline.py took 0.182 seconds
[2025-04-05T09:15:35.089+0000] {processor.py:161} INFO - Started process (PID=163) to work on /opt/airflow/dags/pipeline.py
[2025-04-05T09:15:35.090+0000] {processor.py:830} INFO - Processing file /opt/airflow/dags/pipeline.py for tasks to queue
[2025-04-05T09:15:35.092+0000] {logging_mixin.py:188} INFO - [2025-04-05T09:15:35.092+0000] {dagbag.py:545} INFO - Filling up the DagBag from /opt/airflow/dags/pipeline.py
[2025-04-05T09:15:35.209+0000] {processor.py:840} INFO - DAG(s) 'sensor_data_pipeline' retrieved from /opt/airflow/dags/pipeline.py
[2025-04-05T09:15:35.243+0000] {logging_mixin.py:188} INFO - [2025-04-05T09:15:35.242+0000] {dag.py:3089} INFO - Sync 1 DAGs
[2025-04-05T09:15:35.246+0000] {logging_mixin.py:188} INFO - [2025-04-05T09:15:35.246+0000] {dag.py:3947} INFO - Setting next_dagrun for sensor_data_pipeline to None, run_after=None
[2025-04-05T09:15:35.257+0000] {processor.py:183} INFO - Processing /opt/airflow/dags/pipeline.py took 0.176 seconds
[2025-04-05T09:16:05.642+0000] {processor.py:161} INFO - Started process (PID=165) to work on /opt/airflow/dags/pipeline.py
[2025-04-05T09:16:05.643+0000] {processor.py:830} INFO - Processing file /opt/airflow/dags/pipeline.py for tasks to queue
[2025-04-05T09:16:05.645+0000] {logging_mixin.py:188} INFO - [2025-04-05T09:16:05.645+0000] {dagbag.py:545} INFO - Filling up the DagBag from /opt/airflow/dags/pipeline.py
[2025-04-05T09:16:05.757+0000] {processor.py:840} INFO - DAG(s) 'sensor_data_pipeline' retrieved from /opt/airflow/dags/pipeline.py
[2025-04-05T09:16:05.789+0000] {logging_mixin.py:188} INFO - [2025-04-05T09:16:05.789+0000] {dag.py:3089} INFO - Sync 1 DAGs
[2025-04-05T09:16:05.792+0000] {logging_mixin.py:188} INFO - [2025-04-05T09:16:05.792+0000] {dag.py:3947} INFO - Setting next_dagrun for sensor_data_pipeline to None, run_after=None
[2025-04-05T09:16:05.803+0000] {processor.py:183} INFO - Processing /opt/airflow/dags/pipeline.py took 0.167 seconds
[2025-04-05T09:16:36.041+0000] {processor.py:161} INFO - Started process (PID=167) to work on /opt/airflow/dags/pipeline.py
[2025-04-05T09:16:36.042+0000] {processor.py:830} INFO - Processing file /opt/airflow/dags/pipeline.py for tasks to queue
[2025-04-05T09:16:36.045+0000] {logging_mixin.py:188} INFO - [2025-04-05T09:16:36.043+0000] {dagbag.py:545} INFO - Filling up the DagBag from /opt/airflow/dags/pipeline.py
[2025-04-05T09:16:36.184+0000] {processor.py:840} INFO - DAG(s) 'sensor_data_pipeline' retrieved from /opt/airflow/dags/pipeline.py
[2025-04-05T09:16:36.217+0000] {logging_mixin.py:188} INFO - [2025-04-05T09:16:36.217+0000] {dag.py:3089} INFO - Sync 1 DAGs
[2025-04-05T09:16:36.220+0000] {logging_mixin.py:188} INFO - [2025-04-05T09:16:36.220+0000] {dag.py:3947} INFO - Setting next_dagrun for sensor_data_pipeline to None, run_after=None
[2025-04-05T09:16:36.232+0000] {processor.py:183} INFO - Processing /opt/airflow/dags/pipeline.py took 0.198 seconds
[2025-04-05T09:17:06.575+0000] {processor.py:161} INFO - Started process (PID=169) to work on /opt/airflow/dags/pipeline.py
[2025-04-05T09:17:06.576+0000] {processor.py:830} INFO - Processing file /opt/airflow/dags/pipeline.py for tasks to queue
[2025-04-05T09:17:06.578+0000] {logging_mixin.py:188} INFO - [2025-04-05T09:17:06.577+0000] {dagbag.py:545} INFO - Filling up the DagBag from /opt/airflow/dags/pipeline.py
[2025-04-05T09:17:06.692+0000] {processor.py:840} INFO - DAG(s) 'sensor_data_pipeline' retrieved from /opt/airflow/dags/pipeline.py
[2025-04-05T09:17:06.725+0000] {logging_mixin.py:188} INFO - [2025-04-05T09:17:06.725+0000] {dag.py:3089} INFO - Sync 1 DAGs
[2025-04-05T09:17:06.729+0000] {logging_mixin.py:188} INFO - [2025-04-05T09:17:06.729+0000] {dag.py:3947} INFO - Setting next_dagrun for sensor_data_pipeline to None, run_after=None
[2025-04-05T09:17:06.738+0000] {processor.py:183} INFO - Processing /opt/airflow/dags/pipeline.py took 0.168 seconds
[2025-04-05T09:17:37.125+0000] {processor.py:161} INFO - Started process (PID=171) to work on /opt/airflow/dags/pipeline.py
[2025-04-05T09:17:37.126+0000] {processor.py:830} INFO - Processing file /opt/airflow/dags/pipeline.py for tasks to queue
[2025-04-05T09:17:37.127+0000] {logging_mixin.py:188} INFO - [2025-04-05T09:17:37.127+0000] {dagbag.py:545} INFO - Filling up the DagBag from /opt/airflow/dags/pipeline.py
[2025-04-05T09:17:37.242+0000] {processor.py:840} INFO - DAG(s) 'sensor_data_pipeline' retrieved from /opt/airflow/dags/pipeline.py
[2025-04-05T09:17:37.275+0000] {logging_mixin.py:188} INFO - [2025-04-05T09:17:37.274+0000] {dag.py:3089} INFO - Sync 1 DAGs
[2025-04-05T09:17:37.278+0000] {logging_mixin.py:188} INFO - [2025-04-05T09:17:37.277+0000] {dag.py:3947} INFO - Setting next_dagrun for sensor_data_pipeline to None, run_after=None
[2025-04-05T09:17:37.290+0000] {processor.py:183} INFO - Processing /opt/airflow/dags/pipeline.py took 0.174 seconds
[2025-04-05T09:18:07.522+0000] {processor.py:161} INFO - Started process (PID=173) to work on /opt/airflow/dags/pipeline.py
[2025-04-05T09:18:07.523+0000] {processor.py:830} INFO - Processing file /opt/airflow/dags/pipeline.py for tasks to queue
[2025-04-05T09:18:07.525+0000] {logging_mixin.py:188} INFO - [2025-04-05T09:18:07.525+0000] {dagbag.py:545} INFO - Filling up the DagBag from /opt/airflow/dags/pipeline.py
[2025-04-05T09:18:07.638+0000] {processor.py:840} INFO - DAG(s) 'sensor_data_pipeline' retrieved from /opt/airflow/dags/pipeline.py
[2025-04-05T09:18:07.673+0000] {logging_mixin.py:188} INFO - [2025-04-05T09:18:07.672+0000] {dag.py:3089} INFO - Sync 1 DAGs
[2025-04-05T09:18:07.676+0000] {logging_mixin.py:188} INFO - [2025-04-05T09:18:07.676+0000] {dag.py:3947} INFO - Setting next_dagrun for sensor_data_pipeline to None, run_after=None
[2025-04-05T09:18:07.687+0000] {processor.py:183} INFO - Processing /opt/airflow/dags/pipeline.py took 0.173 seconds
[2025-04-05T09:18:38.088+0000] {processor.py:161} INFO - Started process (PID=175) to work on /opt/airflow/dags/pipeline.py
[2025-04-05T09:18:38.090+0000] {processor.py:830} INFO - Processing file /opt/airflow/dags/pipeline.py for tasks to queue
[2025-04-05T09:18:38.093+0000] {logging_mixin.py:188} INFO - [2025-04-05T09:18:38.091+0000] {dagbag.py:545} INFO - Filling up the DagBag from /opt/airflow/dags/pipeline.py
[2025-04-05T09:18:38.233+0000] {processor.py:840} INFO - DAG(s) 'sensor_data_pipeline' retrieved from /opt/airflow/dags/pipeline.py
[2025-04-05T09:18:38.268+0000] {logging_mixin.py:188} INFO - [2025-04-05T09:18:38.267+0000] {dag.py:3089} INFO - Sync 1 DAGs
[2025-04-05T09:18:38.271+0000] {logging_mixin.py:188} INFO - [2025-04-05T09:18:38.271+0000] {dag.py:3947} INFO - Setting next_dagrun for sensor_data_pipeline to None, run_after=None
[2025-04-05T09:18:38.361+0000] {processor.py:183} INFO - Processing /opt/airflow/dags/pipeline.py took 0.282 seconds
[2025-04-05T09:19:08.705+0000] {processor.py:161} INFO - Started process (PID=177) to work on /opt/airflow/dags/pipeline.py
[2025-04-05T09:19:08.707+0000] {processor.py:830} INFO - Processing file /opt/airflow/dags/pipeline.py for tasks to queue
[2025-04-05T09:19:08.710+0000] {logging_mixin.py:188} INFO - [2025-04-05T09:19:08.708+0000] {dagbag.py:545} INFO - Filling up the DagBag from /opt/airflow/dags/pipeline.py
[2025-04-05T09:19:08.836+0000] {processor.py:840} INFO - DAG(s) 'sensor_data_pipeline' retrieved from /opt/airflow/dags/pipeline.py
[2025-04-05T09:19:08.873+0000] {logging_mixin.py:188} INFO - [2025-04-05T09:19:08.873+0000] {dag.py:3089} INFO - Sync 1 DAGs
[2025-04-05T09:19:08.876+0000] {logging_mixin.py:188} INFO - [2025-04-05T09:19:08.876+0000] {dag.py:3947} INFO - Setting next_dagrun for sensor_data_pipeline to None, run_after=None
[2025-04-05T09:19:08.893+0000] {processor.py:183} INFO - Processing /opt/airflow/dags/pipeline.py took 0.196 seconds
[2025-04-05T09:19:39.200+0000] {processor.py:161} INFO - Started process (PID=179) to work on /opt/airflow/dags/pipeline.py
[2025-04-05T09:19:39.202+0000] {processor.py:830} INFO - Processing file /opt/airflow/dags/pipeline.py for tasks to queue
[2025-04-05T09:19:39.204+0000] {logging_mixin.py:188} INFO - [2025-04-05T09:19:39.203+0000] {dagbag.py:545} INFO - Filling up the DagBag from /opt/airflow/dags/pipeline.py
[2025-04-05T09:19:39.322+0000] {processor.py:840} INFO - DAG(s) 'sensor_data_pipeline' retrieved from /opt/airflow/dags/pipeline.py
[2025-04-05T09:19:39.362+0000] {logging_mixin.py:188} INFO - [2025-04-05T09:19:39.362+0000] {dag.py:3089} INFO - Sync 1 DAGs
[2025-04-05T09:19:39.367+0000] {logging_mixin.py:188} INFO - [2025-04-05T09:19:39.366+0000] {dag.py:3947} INFO - Setting next_dagrun for sensor_data_pipeline to None, run_after=None
[2025-04-05T09:19:39.377+0000] {processor.py:183} INFO - Processing /opt/airflow/dags/pipeline.py took 0.185 seconds
[2025-04-05T09:20:09.741+0000] {processor.py:161} INFO - Started process (PID=181) to work on /opt/airflow/dags/pipeline.py
[2025-04-05T09:20:09.742+0000] {processor.py:830} INFO - Processing file /opt/airflow/dags/pipeline.py for tasks to queue
[2025-04-05T09:20:09.744+0000] {logging_mixin.py:188} INFO - [2025-04-05T09:20:09.743+0000] {dagbag.py:545} INFO - Filling up the DagBag from /opt/airflow/dags/pipeline.py
[2025-04-05T09:20:09.879+0000] {processor.py:840} INFO - DAG(s) 'sensor_data_pipeline' retrieved from /opt/airflow/dags/pipeline.py
[2025-04-05T09:20:09.921+0000] {logging_mixin.py:188} INFO - [2025-04-05T09:20:09.921+0000] {dag.py:3089} INFO - Sync 1 DAGs
[2025-04-05T09:20:09.925+0000] {logging_mixin.py:188} INFO - [2025-04-05T09:20:09.925+0000] {dag.py:3947} INFO - Setting next_dagrun for sensor_data_pipeline to None, run_after=None
[2025-04-05T09:20:09.939+0000] {processor.py:183} INFO - Processing /opt/airflow/dags/pipeline.py took 0.205 seconds
[2025-04-05T09:20:40.351+0000] {processor.py:161} INFO - Started process (PID=183) to work on /opt/airflow/dags/pipeline.py
[2025-04-05T09:20:40.353+0000] {processor.py:830} INFO - Processing file /opt/airflow/dags/pipeline.py for tasks to queue
[2025-04-05T09:20:40.357+0000] {logging_mixin.py:188} INFO - [2025-04-05T09:20:40.354+0000] {dagbag.py:545} INFO - Filling up the DagBag from /opt/airflow/dags/pipeline.py
[2025-04-05T09:20:40.526+0000] {processor.py:840} INFO - DAG(s) 'sensor_data_pipeline' retrieved from /opt/airflow/dags/pipeline.py
[2025-04-05T09:20:40.567+0000] {logging_mixin.py:188} INFO - [2025-04-05T09:20:40.566+0000] {dag.py:3089} INFO - Sync 1 DAGs
[2025-04-05T09:20:40.572+0000] {logging_mixin.py:188} INFO - [2025-04-05T09:20:40.572+0000] {dag.py:3947} INFO - Setting next_dagrun for sensor_data_pipeline to None, run_after=None
[2025-04-05T09:20:40.699+0000] {processor.py:183} INFO - Processing /opt/airflow/dags/pipeline.py took 0.357 seconds
[2025-04-05T09:21:11.126+0000] {processor.py:161} INFO - Started process (PID=185) to work on /opt/airflow/dags/pipeline.py
[2025-04-05T09:21:11.128+0000] {processor.py:830} INFO - Processing file /opt/airflow/dags/pipeline.py for tasks to queue
[2025-04-05T09:21:11.130+0000] {logging_mixin.py:188} INFO - [2025-04-05T09:21:11.130+0000] {dagbag.py:545} INFO - Filling up the DagBag from /opt/airflow/dags/pipeline.py
[2025-04-05T09:21:11.250+0000] {processor.py:840} INFO - DAG(s) 'sensor_data_pipeline' retrieved from /opt/airflow/dags/pipeline.py
[2025-04-05T09:21:11.288+0000] {logging_mixin.py:188} INFO - [2025-04-05T09:21:11.288+0000] {dag.py:3089} INFO - Sync 1 DAGs
[2025-04-05T09:21:11.292+0000] {logging_mixin.py:188} INFO - [2025-04-05T09:21:11.292+0000] {dag.py:3947} INFO - Setting next_dagrun for sensor_data_pipeline to None, run_after=None
[2025-04-05T09:21:11.302+0000] {processor.py:183} INFO - Processing /opt/airflow/dags/pipeline.py took 0.185 seconds
[2025-04-05T09:21:41.670+0000] {processor.py:161} INFO - Started process (PID=187) to work on /opt/airflow/dags/pipeline.py
[2025-04-05T09:21:41.672+0000] {processor.py:830} INFO - Processing file /opt/airflow/dags/pipeline.py for tasks to queue
[2025-04-05T09:21:41.674+0000] {logging_mixin.py:188} INFO - [2025-04-05T09:21:41.674+0000] {dagbag.py:545} INFO - Filling up the DagBag from /opt/airflow/dags/pipeline.py
[2025-04-05T09:21:41.792+0000] {processor.py:840} INFO - DAG(s) 'sensor_data_pipeline' retrieved from /opt/airflow/dags/pipeline.py
[2025-04-05T09:21:41.826+0000] {logging_mixin.py:188} INFO - [2025-04-05T09:21:41.825+0000] {dag.py:3089} INFO - Sync 1 DAGs
[2025-04-05T09:21:41.829+0000] {logging_mixin.py:188} INFO - [2025-04-05T09:21:41.829+0000] {dag.py:3947} INFO - Setting next_dagrun for sensor_data_pipeline to None, run_after=None
[2025-04-05T09:21:41.839+0000] {processor.py:183} INFO - Processing /opt/airflow/dags/pipeline.py took 0.178 seconds
[2025-04-05T09:22:12.171+0000] {processor.py:161} INFO - Started process (PID=189) to work on /opt/airflow/dags/pipeline.py
[2025-04-05T09:22:12.173+0000] {processor.py:830} INFO - Processing file /opt/airflow/dags/pipeline.py for tasks to queue
[2025-04-05T09:22:12.176+0000] {logging_mixin.py:188} INFO - [2025-04-05T09:22:12.174+0000] {dagbag.py:545} INFO - Filling up the DagBag from /opt/airflow/dags/pipeline.py
[2025-04-05T09:22:12.296+0000] {processor.py:840} INFO - DAG(s) 'sensor_data_pipeline' retrieved from /opt/airflow/dags/pipeline.py
[2025-04-05T09:22:12.330+0000] {logging_mixin.py:188} INFO - [2025-04-05T09:22:12.330+0000] {dag.py:3089} INFO - Sync 1 DAGs
[2025-04-05T09:22:12.333+0000] {logging_mixin.py:188} INFO - [2025-04-05T09:22:12.333+0000] {dag.py:3947} INFO - Setting next_dagrun for sensor_data_pipeline to None, run_after=None
[2025-04-05T09:22:12.342+0000] {processor.py:183} INFO - Processing /opt/airflow/dags/pipeline.py took 0.181 seconds
[2025-04-05T09:22:42.724+0000] {processor.py:161} INFO - Started process (PID=191) to work on /opt/airflow/dags/pipeline.py
[2025-04-05T09:22:42.726+0000] {processor.py:830} INFO - Processing file /opt/airflow/dags/pipeline.py for tasks to queue
[2025-04-05T09:22:42.728+0000] {logging_mixin.py:188} INFO - [2025-04-05T09:22:42.728+0000] {dagbag.py:545} INFO - Filling up the DagBag from /opt/airflow/dags/pipeline.py
[2025-04-05T09:22:42.839+0000] {processor.py:840} INFO - DAG(s) 'sensor_data_pipeline' retrieved from /opt/airflow/dags/pipeline.py
[2025-04-05T09:22:42.872+0000] {logging_mixin.py:188} INFO - [2025-04-05T09:22:42.872+0000] {dag.py:3089} INFO - Sync 1 DAGs
[2025-04-05T09:22:42.931+0000] {logging_mixin.py:188} INFO - [2025-04-05T09:22:42.931+0000] {dag.py:3947} INFO - Setting next_dagrun for sensor_data_pipeline to None, run_after=None
[2025-04-05T09:22:42.940+0000] {processor.py:183} INFO - Processing /opt/airflow/dags/pipeline.py took 0.225 seconds
[2025-04-05T09:23:13.386+0000] {processor.py:161} INFO - Started process (PID=193) to work on /opt/airflow/dags/pipeline.py
[2025-04-05T09:23:13.387+0000] {processor.py:830} INFO - Processing file /opt/airflow/dags/pipeline.py for tasks to queue
[2025-04-05T09:23:13.389+0000] {logging_mixin.py:188} INFO - [2025-04-05T09:23:13.388+0000] {dagbag.py:545} INFO - Filling up the DagBag from /opt/airflow/dags/pipeline.py
[2025-04-05T09:23:13.528+0000] {processor.py:840} INFO - DAG(s) 'sensor_data_pipeline' retrieved from /opt/airflow/dags/pipeline.py
[2025-04-05T09:23:13.570+0000] {logging_mixin.py:188} INFO - [2025-04-05T09:23:13.569+0000] {dag.py:3089} INFO - Sync 1 DAGs
[2025-04-05T09:23:13.573+0000] {logging_mixin.py:188} INFO - [2025-04-05T09:23:13.573+0000] {dag.py:3947} INFO - Setting next_dagrun for sensor_data_pipeline to None, run_after=None
[2025-04-05T09:23:13.586+0000] {processor.py:183} INFO - Processing /opt/airflow/dags/pipeline.py took 0.209 seconds
[2025-04-05T09:23:44.052+0000] {processor.py:161} INFO - Started process (PID=195) to work on /opt/airflow/dags/pipeline.py
[2025-04-05T09:23:44.053+0000] {processor.py:830} INFO - Processing file /opt/airflow/dags/pipeline.py for tasks to queue
[2025-04-05T09:23:44.057+0000] {logging_mixin.py:188} INFO - [2025-04-05T09:23:44.054+0000] {dagbag.py:545} INFO - Filling up the DagBag from /opt/airflow/dags/pipeline.py
[2025-04-05T09:23:44.214+0000] {processor.py:840} INFO - DAG(s) 'sensor_data_pipeline' retrieved from /opt/airflow/dags/pipeline.py
[2025-04-05T09:23:44.252+0000] {logging_mixin.py:188} INFO - [2025-04-05T09:23:44.252+0000] {dag.py:3089} INFO - Sync 1 DAGs
[2025-04-05T09:23:44.255+0000] {logging_mixin.py:188} INFO - [2025-04-05T09:23:44.255+0000] {dag.py:3947} INFO - Setting next_dagrun for sensor_data_pipeline to None, run_after=None
[2025-04-05T09:23:44.267+0000] {processor.py:183} INFO - Processing /opt/airflow/dags/pipeline.py took 0.224 seconds
[2025-04-05T09:24:14.747+0000] {processor.py:161} INFO - Started process (PID=197) to work on /opt/airflow/dags/pipeline.py
[2025-04-05T09:24:14.748+0000] {processor.py:830} INFO - Processing file /opt/airflow/dags/pipeline.py for tasks to queue
[2025-04-05T09:24:14.750+0000] {logging_mixin.py:188} INFO - [2025-04-05T09:24:14.749+0000] {dagbag.py:545} INFO - Filling up the DagBag from /opt/airflow/dags/pipeline.py
[2025-04-05T09:24:14.863+0000] {processor.py:840} INFO - DAG(s) 'sensor_data_pipeline' retrieved from /opt/airflow/dags/pipeline.py
[2025-04-05T09:24:14.896+0000] {logging_mixin.py:188} INFO - [2025-04-05T09:24:14.896+0000] {dag.py:3089} INFO - Sync 1 DAGs
[2025-04-05T09:24:14.900+0000] {logging_mixin.py:188} INFO - [2025-04-05T09:24:14.900+0000] {dag.py:3947} INFO - Setting next_dagrun for sensor_data_pipeline to None, run_after=None
[2025-04-05T09:24:14.979+0000] {processor.py:183} INFO - Processing /opt/airflow/dags/pipeline.py took 0.240 seconds
[2025-04-05T09:24:45.209+0000] {processor.py:161} INFO - Started process (PID=199) to work on /opt/airflow/dags/pipeline.py
[2025-04-05T09:24:45.210+0000] {processor.py:830} INFO - Processing file /opt/airflow/dags/pipeline.py for tasks to queue
[2025-04-05T09:24:45.212+0000] {logging_mixin.py:188} INFO - [2025-04-05T09:24:45.212+0000] {dagbag.py:545} INFO - Filling up the DagBag from /opt/airflow/dags/pipeline.py
[2025-04-05T09:24:45.330+0000] {processor.py:840} INFO - DAG(s) 'sensor_data_pipeline' retrieved from /opt/airflow/dags/pipeline.py
[2025-04-05T09:24:45.366+0000] {logging_mixin.py:188} INFO - [2025-04-05T09:24:45.366+0000] {dag.py:3089} INFO - Sync 1 DAGs
[2025-04-05T09:24:45.425+0000] {logging_mixin.py:188} INFO - [2025-04-05T09:24:45.425+0000] {dag.py:3947} INFO - Setting next_dagrun for sensor_data_pipeline to None, run_after=None
[2025-04-05T09:24:45.439+0000] {processor.py:183} INFO - Processing /opt/airflow/dags/pipeline.py took 0.238 seconds
[2025-04-05T09:25:15.660+0000] {processor.py:161} INFO - Started process (PID=201) to work on /opt/airflow/dags/pipeline.py
[2025-04-05T09:25:15.662+0000] {processor.py:830} INFO - Processing file /opt/airflow/dags/pipeline.py for tasks to queue
[2025-04-05T09:25:15.666+0000] {logging_mixin.py:188} INFO - [2025-04-05T09:25:15.664+0000] {dagbag.py:545} INFO - Filling up the DagBag from /opt/airflow/dags/pipeline.py
[2025-04-05T09:25:15.818+0000] {processor.py:840} INFO - DAG(s) 'sensor_data_pipeline' retrieved from /opt/airflow/dags/pipeline.py
[2025-04-05T09:25:15.855+0000] {logging_mixin.py:188} INFO - [2025-04-05T09:25:15.855+0000] {dag.py:3089} INFO - Sync 1 DAGs
[2025-04-05T09:25:15.859+0000] {logging_mixin.py:188} INFO - [2025-04-05T09:25:15.859+0000] {dag.py:3947} INFO - Setting next_dagrun for sensor_data_pipeline to None, run_after=None
[2025-04-05T09:25:15.870+0000] {processor.py:183} INFO - Processing /opt/airflow/dags/pipeline.py took 0.217 seconds
[2025-04-05T09:25:46.116+0000] {processor.py:161} INFO - Started process (PID=203) to work on /opt/airflow/dags/pipeline.py
[2025-04-05T09:25:46.117+0000] {processor.py:830} INFO - Processing file /opt/airflow/dags/pipeline.py for tasks to queue
[2025-04-05T09:25:46.118+0000] {logging_mixin.py:188} INFO - [2025-04-05T09:25:46.118+0000] {dagbag.py:545} INFO - Filling up the DagBag from /opt/airflow/dags/pipeline.py
[2025-04-05T09:25:46.231+0000] {processor.py:840} INFO - DAG(s) 'sensor_data_pipeline' retrieved from /opt/airflow/dags/pipeline.py
[2025-04-05T09:25:46.263+0000] {logging_mixin.py:188} INFO - [2025-04-05T09:25:46.263+0000] {dag.py:3089} INFO - Sync 1 DAGs
[2025-04-05T09:25:46.266+0000] {logging_mixin.py:188} INFO - [2025-04-05T09:25:46.266+0000] {dag.py:3947} INFO - Setting next_dagrun for sensor_data_pipeline to None, run_after=None
[2025-04-05T09:25:46.275+0000] {processor.py:183} INFO - Processing /opt/airflow/dags/pipeline.py took 0.167 seconds
[2025-04-05T09:26:16.459+0000] {processor.py:161} INFO - Started process (PID=205) to work on /opt/airflow/dags/pipeline.py
[2025-04-05T09:26:16.460+0000] {processor.py:830} INFO - Processing file /opt/airflow/dags/pipeline.py for tasks to queue
[2025-04-05T09:26:16.462+0000] {logging_mixin.py:188} INFO - [2025-04-05T09:26:16.462+0000] {dagbag.py:545} INFO - Filling up the DagBag from /opt/airflow/dags/pipeline.py
[2025-04-05T09:26:16.589+0000] {processor.py:840} INFO - DAG(s) 'sensor_data_pipeline' retrieved from /opt/airflow/dags/pipeline.py
[2025-04-05T09:26:16.625+0000] {logging_mixin.py:188} INFO - [2025-04-05T09:26:16.625+0000] {dag.py:3089} INFO - Sync 1 DAGs
[2025-04-05T09:26:16.629+0000] {logging_mixin.py:188} INFO - [2025-04-05T09:26:16.629+0000] {dag.py:3947} INFO - Setting next_dagrun for sensor_data_pipeline to None, run_after=None
[2025-04-05T09:26:16.639+0000] {processor.py:183} INFO - Processing /opt/airflow/dags/pipeline.py took 0.189 seconds
[2025-04-05T09:26:46.820+0000] {processor.py:161} INFO - Started process (PID=207) to work on /opt/airflow/dags/pipeline.py
[2025-04-05T09:26:46.821+0000] {processor.py:830} INFO - Processing file /opt/airflow/dags/pipeline.py for tasks to queue
[2025-04-05T09:26:46.825+0000] {logging_mixin.py:188} INFO - [2025-04-05T09:26:46.822+0000] {dagbag.py:545} INFO - Filling up the DagBag from /opt/airflow/dags/pipeline.py
[2025-04-05T09:26:46.975+0000] {processor.py:840} INFO - DAG(s) 'sensor_data_pipeline' retrieved from /opt/airflow/dags/pipeline.py
[2025-04-05T09:26:47.017+0000] {logging_mixin.py:188} INFO - [2025-04-05T09:26:47.017+0000] {dag.py:3089} INFO - Sync 1 DAGs
[2025-04-05T09:26:47.116+0000] {logging_mixin.py:188} INFO - [2025-04-05T09:26:47.116+0000] {dag.py:3947} INFO - Setting next_dagrun for sensor_data_pipeline to None, run_after=None
[2025-04-05T09:26:47.132+0000] {processor.py:183} INFO - Processing /opt/airflow/dags/pipeline.py took 0.319 seconds
[2025-04-05T09:27:17.376+0000] {processor.py:161} INFO - Started process (PID=209) to work on /opt/airflow/dags/pipeline.py
[2025-04-05T09:27:17.378+0000] {processor.py:830} INFO - Processing file /opt/airflow/dags/pipeline.py for tasks to queue
[2025-04-05T09:27:17.379+0000] {logging_mixin.py:188} INFO - [2025-04-05T09:27:17.379+0000] {dagbag.py:545} INFO - Filling up the DagBag from /opt/airflow/dags/pipeline.py
[2025-04-05T09:27:17.495+0000] {processor.py:840} INFO - DAG(s) 'sensor_data_pipeline' retrieved from /opt/airflow/dags/pipeline.py
[2025-04-05T09:27:17.535+0000] {logging_mixin.py:188} INFO - [2025-04-05T09:27:17.534+0000] {dag.py:3089} INFO - Sync 1 DAGs
[2025-04-05T09:27:17.538+0000] {logging_mixin.py:188} INFO - [2025-04-05T09:27:17.538+0000] {dag.py:3947} INFO - Setting next_dagrun for sensor_data_pipeline to None, run_after=None
[2025-04-05T09:27:17.551+0000] {processor.py:183} INFO - Processing /opt/airflow/dags/pipeline.py took 0.184 seconds
[2025-04-05T09:27:47.734+0000] {processor.py:161} INFO - Started process (PID=211) to work on /opt/airflow/dags/pipeline.py
[2025-04-05T09:27:47.734+0000] {processor.py:830} INFO - Processing file /opt/airflow/dags/pipeline.py for tasks to queue
[2025-04-05T09:27:47.736+0000] {logging_mixin.py:188} INFO - [2025-04-05T09:27:47.736+0000] {dagbag.py:545} INFO - Filling up the DagBag from /opt/airflow/dags/pipeline.py
[2025-04-05T09:27:47.862+0000] {processor.py:840} INFO - DAG(s) 'sensor_data_pipeline' retrieved from /opt/airflow/dags/pipeline.py
[2025-04-05T09:27:47.896+0000] {logging_mixin.py:188} INFO - [2025-04-05T09:27:47.896+0000] {dag.py:3089} INFO - Sync 1 DAGs
[2025-04-05T09:27:47.899+0000] {logging_mixin.py:188} INFO - [2025-04-05T09:27:47.899+0000] {dag.py:3947} INFO - Setting next_dagrun for sensor_data_pipeline to None, run_after=None
[2025-04-05T09:27:47.913+0000] {processor.py:183} INFO - Processing /opt/airflow/dags/pipeline.py took 0.186 seconds
[2025-04-05T09:28:18.099+0000] {processor.py:161} INFO - Started process (PID=213) to work on /opt/airflow/dags/pipeline.py
[2025-04-05T09:28:18.100+0000] {processor.py:830} INFO - Processing file /opt/airflow/dags/pipeline.py for tasks to queue
[2025-04-05T09:28:18.103+0000] {logging_mixin.py:188} INFO - [2025-04-05T09:28:18.101+0000] {dagbag.py:545} INFO - Filling up the DagBag from /opt/airflow/dags/pipeline.py
[2025-04-05T09:28:18.249+0000] {processor.py:840} INFO - DAG(s) 'sensor_data_pipeline' retrieved from /opt/airflow/dags/pipeline.py
[2025-04-05T09:28:18.291+0000] {logging_mixin.py:188} INFO - [2025-04-05T09:28:18.291+0000] {dag.py:3089} INFO - Sync 1 DAGs
[2025-04-05T09:28:18.295+0000] {logging_mixin.py:188} INFO - [2025-04-05T09:28:18.295+0000] {dag.py:3947} INFO - Setting next_dagrun for sensor_data_pipeline to None, run_after=None
[2025-04-05T09:28:18.398+0000] {processor.py:183} INFO - Processing /opt/airflow/dags/pipeline.py took 0.306 seconds
[2025-04-05T09:28:48.657+0000] {processor.py:161} INFO - Started process (PID=215) to work on /opt/airflow/dags/pipeline.py
[2025-04-05T09:28:48.659+0000] {processor.py:830} INFO - Processing file /opt/airflow/dags/pipeline.py for tasks to queue
[2025-04-05T09:28:48.660+0000] {logging_mixin.py:188} INFO - [2025-04-05T09:28:48.660+0000] {dagbag.py:545} INFO - Filling up the DagBag from /opt/airflow/dags/pipeline.py
[2025-04-05T09:28:48.772+0000] {processor.py:840} INFO - DAG(s) 'sensor_data_pipeline' retrieved from /opt/airflow/dags/pipeline.py
[2025-04-05T09:28:48.805+0000] {logging_mixin.py:188} INFO - [2025-04-05T09:28:48.805+0000] {dag.py:3089} INFO - Sync 1 DAGs
[2025-04-05T09:28:48.877+0000] {logging_mixin.py:188} INFO - [2025-04-05T09:28:48.877+0000] {dag.py:3947} INFO - Setting next_dagrun for sensor_data_pipeline to None, run_after=None
[2025-04-05T09:28:48.889+0000] {processor.py:183} INFO - Processing /opt/airflow/dags/pipeline.py took 0.239 seconds
[2025-04-05T09:29:19.092+0000] {processor.py:161} INFO - Started process (PID=217) to work on /opt/airflow/dags/pipeline.py
[2025-04-05T09:29:19.095+0000] {processor.py:830} INFO - Processing file /opt/airflow/dags/pipeline.py for tasks to queue
[2025-04-05T09:29:19.096+0000] {logging_mixin.py:188} INFO - [2025-04-05T09:29:19.096+0000] {dagbag.py:545} INFO - Filling up the DagBag from /opt/airflow/dags/pipeline.py
[2025-04-05T09:29:19.224+0000] {processor.py:840} INFO - DAG(s) 'sensor_data_pipeline' retrieved from /opt/airflow/dags/pipeline.py
[2025-04-05T09:29:19.328+0000] {logging_mixin.py:188} INFO - [2025-04-05T09:29:19.328+0000] {dag.py:3089} INFO - Sync 1 DAGs
[2025-04-05T09:29:19.331+0000] {logging_mixin.py:188} INFO - [2025-04-05T09:29:19.331+0000] {dag.py:3947} INFO - Setting next_dagrun for sensor_data_pipeline to None, run_after=None
[2025-04-05T09:29:19.344+0000] {processor.py:183} INFO - Processing /opt/airflow/dags/pipeline.py took 0.259 seconds
[2025-04-05T09:29:49.563+0000] {processor.py:161} INFO - Started process (PID=219) to work on /opt/airflow/dags/pipeline.py
[2025-04-05T09:29:49.564+0000] {processor.py:830} INFO - Processing file /opt/airflow/dags/pipeline.py for tasks to queue
[2025-04-05T09:29:49.567+0000] {logging_mixin.py:188} INFO - [2025-04-05T09:29:49.565+0000] {dagbag.py:545} INFO - Filling up the DagBag from /opt/airflow/dags/pipeline.py
[2025-04-05T09:29:49.712+0000] {processor.py:840} INFO - DAG(s) 'sensor_data_pipeline' retrieved from /opt/airflow/dags/pipeline.py
[2025-04-05T09:29:49.746+0000] {logging_mixin.py:188} INFO - [2025-04-05T09:29:49.746+0000] {dag.py:3089} INFO - Sync 1 DAGs
[2025-04-05T09:29:49.750+0000] {logging_mixin.py:188} INFO - [2025-04-05T09:29:49.750+0000] {dag.py:3947} INFO - Setting next_dagrun for sensor_data_pipeline to None, run_after=None
[2025-04-05T09:29:49.760+0000] {processor.py:183} INFO - Processing /opt/airflow/dags/pipeline.py took 0.205 seconds
[2025-04-05T09:30:20.010+0000] {processor.py:161} INFO - Started process (PID=221) to work on /opt/airflow/dags/pipeline.py
[2025-04-05T09:30:20.011+0000] {processor.py:830} INFO - Processing file /opt/airflow/dags/pipeline.py for tasks to queue
[2025-04-05T09:30:20.012+0000] {logging_mixin.py:188} INFO - [2025-04-05T09:30:20.012+0000] {dagbag.py:545} INFO - Filling up the DagBag from /opt/airflow/dags/pipeline.py
[2025-04-05T09:30:20.145+0000] {processor.py:840} INFO - DAG(s) 'sensor_data_pipeline' retrieved from /opt/airflow/dags/pipeline.py
[2025-04-05T09:30:20.185+0000] {logging_mixin.py:188} INFO - [2025-04-05T09:30:20.185+0000] {dag.py:3089} INFO - Sync 1 DAGs
[2025-04-05T09:30:20.190+0000] {logging_mixin.py:188} INFO - [2025-04-05T09:30:20.190+0000] {dag.py:3947} INFO - Setting next_dagrun for sensor_data_pipeline to None, run_after=None
[2025-04-05T09:30:20.288+0000] {processor.py:183} INFO - Processing /opt/airflow/dags/pipeline.py took 0.285 seconds
[2025-04-05T09:30:50.496+0000] {processor.py:161} INFO - Started process (PID=223) to work on /opt/airflow/dags/pipeline.py
[2025-04-05T09:30:50.497+0000] {processor.py:830} INFO - Processing file /opt/airflow/dags/pipeline.py for tasks to queue
[2025-04-05T09:30:50.499+0000] {logging_mixin.py:188} INFO - [2025-04-05T09:30:50.498+0000] {dagbag.py:545} INFO - Filling up the DagBag from /opt/airflow/dags/pipeline.py
[2025-04-05T09:30:50.663+0000] {processor.py:840} INFO - DAG(s) 'sensor_data_pipeline' retrieved from /opt/airflow/dags/pipeline.py
[2025-04-05T09:30:50.709+0000] {logging_mixin.py:188} INFO - [2025-04-05T09:30:50.708+0000] {dag.py:3089} INFO - Sync 1 DAGs
[2025-04-05T09:30:50.794+0000] {logging_mixin.py:188} INFO - [2025-04-05T09:30:50.794+0000] {dag.py:3947} INFO - Setting next_dagrun for sensor_data_pipeline to None, run_after=None
[2025-04-05T09:30:50.811+0000] {processor.py:183} INFO - Processing /opt/airflow/dags/pipeline.py took 0.322 seconds
[2025-04-05T09:31:21.015+0000] {processor.py:161} INFO - Started process (PID=225) to work on /opt/airflow/dags/pipeline.py
[2025-04-05T09:31:21.015+0000] {processor.py:830} INFO - Processing file /opt/airflow/dags/pipeline.py for tasks to queue
[2025-04-05T09:31:21.019+0000] {logging_mixin.py:188} INFO - [2025-04-05T09:31:21.017+0000] {dagbag.py:545} INFO - Filling up the DagBag from /opt/airflow/dags/pipeline.py
[2025-04-05T09:31:21.136+0000] {processor.py:840} INFO - DAG(s) 'sensor_data_pipeline' retrieved from /opt/airflow/dags/pipeline.py
[2025-04-05T09:31:21.226+0000] {logging_mixin.py:188} INFO - [2025-04-05T09:31:21.226+0000] {dag.py:3089} INFO - Sync 1 DAGs
[2025-04-05T09:31:21.229+0000] {logging_mixin.py:188} INFO - [2025-04-05T09:31:21.229+0000] {dag.py:3947} INFO - Setting next_dagrun for sensor_data_pipeline to None, run_after=None
[2025-04-05T09:31:21.243+0000] {processor.py:183} INFO - Processing /opt/airflow/dags/pipeline.py took 0.236 seconds
[2025-04-05T09:31:51.429+0000] {processor.py:161} INFO - Started process (PID=227) to work on /opt/airflow/dags/pipeline.py
[2025-04-05T09:31:51.430+0000] {processor.py:830} INFO - Processing file /opt/airflow/dags/pipeline.py for tasks to queue
[2025-04-05T09:31:51.431+0000] {logging_mixin.py:188} INFO - [2025-04-05T09:31:51.431+0000] {dagbag.py:545} INFO - Filling up the DagBag from /opt/airflow/dags/pipeline.py
[2025-04-05T09:31:51.544+0000] {processor.py:840} INFO - DAG(s) 'sensor_data_pipeline' retrieved from /opt/airflow/dags/pipeline.py
[2025-04-05T09:31:51.578+0000] {logging_mixin.py:188} INFO - [2025-04-05T09:31:51.578+0000] {dag.py:3089} INFO - Sync 1 DAGs
[2025-04-05T09:31:51.581+0000] {logging_mixin.py:188} INFO - [2025-04-05T09:31:51.581+0000] {dag.py:3947} INFO - Setting next_dagrun for sensor_data_pipeline to None, run_after=None
[2025-04-05T09:31:51.593+0000] {processor.py:183} INFO - Processing /opt/airflow/dags/pipeline.py took 0.172 seconds
[2025-04-05T09:32:21.721+0000] {processor.py:161} INFO - Started process (PID=229) to work on /opt/airflow/dags/pipeline.py
[2025-04-05T09:32:21.722+0000] {processor.py:830} INFO - Processing file /opt/airflow/dags/pipeline.py for tasks to queue
[2025-04-05T09:32:21.723+0000] {logging_mixin.py:188} INFO - [2025-04-05T09:32:21.723+0000] {dagbag.py:545} INFO - Filling up the DagBag from /opt/airflow/dags/pipeline.py
[2025-04-05T09:32:21.848+0000] {processor.py:840} INFO - DAG(s) 'sensor_data_pipeline' retrieved from /opt/airflow/dags/pipeline.py
[2025-04-05T09:32:21.881+0000] {logging_mixin.py:188} INFO - [2025-04-05T09:32:21.880+0000] {dag.py:3089} INFO - Sync 1 DAGs
[2025-04-05T09:32:21.940+0000] {logging_mixin.py:188} INFO - [2025-04-05T09:32:21.940+0000] {dag.py:3947} INFO - Setting next_dagrun for sensor_data_pipeline to None, run_after=None
[2025-04-05T09:32:21.950+0000] {processor.py:183} INFO - Processing /opt/airflow/dags/pipeline.py took 0.238 seconds
[2025-04-05T09:32:52.131+0000] {processor.py:161} INFO - Started process (PID=231) to work on /opt/airflow/dags/pipeline.py
[2025-04-05T09:32:52.132+0000] {processor.py:830} INFO - Processing file /opt/airflow/dags/pipeline.py for tasks to queue
[2025-04-05T09:32:52.134+0000] {logging_mixin.py:188} INFO - [2025-04-05T09:32:52.132+0000] {dagbag.py:545} INFO - Filling up the DagBag from /opt/airflow/dags/pipeline.py
[2025-04-05T09:32:52.294+0000] {processor.py:840} INFO - DAG(s) 'sensor_data_pipeline' retrieved from /opt/airflow/dags/pipeline.py
[2025-04-05T09:32:52.417+0000] {logging_mixin.py:188} INFO - [2025-04-05T09:32:52.416+0000] {dag.py:3089} INFO - Sync 1 DAGs
[2025-04-05T09:32:52.420+0000] {logging_mixin.py:188} INFO - [2025-04-05T09:32:52.420+0000] {dag.py:3947} INFO - Setting next_dagrun for sensor_data_pipeline to None, run_after=None
[2025-04-05T09:32:52.431+0000] {processor.py:183} INFO - Processing /opt/airflow/dags/pipeline.py took 0.308 seconds
[2025-04-05T09:33:22.658+0000] {processor.py:161} INFO - Started process (PID=233) to work on /opt/airflow/dags/pipeline.py
[2025-04-05T09:33:22.659+0000] {processor.py:830} INFO - Processing file /opt/airflow/dags/pipeline.py for tasks to queue
[2025-04-05T09:33:22.662+0000] {logging_mixin.py:188} INFO - [2025-04-05T09:33:22.660+0000] {dagbag.py:545} INFO - Filling up the DagBag from /opt/airflow/dags/pipeline.py
[2025-04-05T09:33:22.796+0000] {processor.py:840} INFO - DAG(s) 'sensor_data_pipeline' retrieved from /opt/airflow/dags/pipeline.py
[2025-04-05T09:33:22.923+0000] {logging_mixin.py:188} INFO - [2025-04-05T09:33:22.923+0000] {dag.py:3089} INFO - Sync 1 DAGs
[2025-04-05T09:33:22.926+0000] {logging_mixin.py:188} INFO - [2025-04-05T09:33:22.926+0000] {dag.py:3947} INFO - Setting next_dagrun for sensor_data_pipeline to None, run_after=None
[2025-04-05T09:33:22.938+0000] {processor.py:183} INFO - Processing /opt/airflow/dags/pipeline.py took 0.287 seconds
[2025-04-05T09:33:53.059+0000] {processor.py:161} INFO - Started process (PID=235) to work on /opt/airflow/dags/pipeline.py
[2025-04-05T09:33:53.062+0000] {processor.py:830} INFO - Processing file /opt/airflow/dags/pipeline.py for tasks to queue
[2025-04-05T09:33:53.063+0000] {logging_mixin.py:188} INFO - [2025-04-05T09:33:53.063+0000] {dagbag.py:545} INFO - Filling up the DagBag from /opt/airflow/dags/pipeline.py
[2025-04-05T09:33:53.187+0000] {processor.py:840} INFO - DAG(s) 'sensor_data_pipeline' retrieved from /opt/airflow/dags/pipeline.py
[2025-04-05T09:33:53.292+0000] {logging_mixin.py:188} INFO - [2025-04-05T09:33:53.291+0000] {dag.py:3089} INFO - Sync 1 DAGs
[2025-04-05T09:33:53.295+0000] {logging_mixin.py:188} INFO - [2025-04-05T09:33:53.295+0000] {dag.py:3947} INFO - Setting next_dagrun for sensor_data_pipeline to None, run_after=None
[2025-04-05T09:33:53.305+0000] {processor.py:183} INFO - Processing /opt/airflow/dags/pipeline.py took 0.253 seconds
[2025-04-05T09:34:23.467+0000] {processor.py:161} INFO - Started process (PID=237) to work on /opt/airflow/dags/pipeline.py
[2025-04-05T09:34:23.468+0000] {processor.py:830} INFO - Processing file /opt/airflow/dags/pipeline.py for tasks to queue
[2025-04-05T09:34:23.470+0000] {logging_mixin.py:188} INFO - [2025-04-05T09:34:23.469+0000] {dagbag.py:545} INFO - Filling up the DagBag from /opt/airflow/dags/pipeline.py
[2025-04-05T09:34:23.615+0000] {processor.py:840} INFO - DAG(s) 'sensor_data_pipeline' retrieved from /opt/airflow/dags/pipeline.py
[2025-04-05T09:34:23.657+0000] {logging_mixin.py:188} INFO - [2025-04-05T09:34:23.657+0000] {dag.py:3089} INFO - Sync 1 DAGs
[2025-04-05T09:34:23.745+0000] {logging_mixin.py:188} INFO - [2025-04-05T09:34:23.745+0000] {dag.py:3947} INFO - Setting next_dagrun for sensor_data_pipeline to None, run_after=None
[2025-04-05T09:34:23.757+0000] {processor.py:183} INFO - Processing /opt/airflow/dags/pipeline.py took 0.298 seconds
[2025-04-05T09:34:53.881+0000] {processor.py:161} INFO - Started process (PID=239) to work on /opt/airflow/dags/pipeline.py
[2025-04-05T09:34:53.883+0000] {processor.py:830} INFO - Processing file /opt/airflow/dags/pipeline.py for tasks to queue
[2025-04-05T09:34:53.886+0000] {logging_mixin.py:188} INFO - [2025-04-05T09:34:53.884+0000] {dagbag.py:545} INFO - Filling up the DagBag from /opt/airflow/dags/pipeline.py
[2025-04-05T09:34:54.038+0000] {processor.py:840} INFO - DAG(s) 'sensor_data_pipeline' retrieved from /opt/airflow/dags/pipeline.py
[2025-04-05T09:34:54.172+0000] {logging_mixin.py:188} INFO - [2025-04-05T09:34:54.171+0000] {dag.py:3089} INFO - Sync 1 DAGs
[2025-04-05T09:34:54.175+0000] {logging_mixin.py:188} INFO - [2025-04-05T09:34:54.175+0000] {dag.py:3947} INFO - Setting next_dagrun for sensor_data_pipeline to None, run_after=None
[2025-04-05T09:34:54.188+0000] {processor.py:183} INFO - Processing /opt/airflow/dags/pipeline.py took 0.315 seconds
[2025-04-05T09:35:24.386+0000] {processor.py:161} INFO - Started process (PID=241) to work on /opt/airflow/dags/pipeline.py
[2025-04-05T09:35:24.388+0000] {processor.py:830} INFO - Processing file /opt/airflow/dags/pipeline.py for tasks to queue
[2025-04-05T09:35:24.390+0000] {logging_mixin.py:188} INFO - [2025-04-05T09:35:24.389+0000] {dagbag.py:545} INFO - Filling up the DagBag from /opt/airflow/dags/pipeline.py
[2025-04-05T09:35:24.508+0000] {processor.py:840} INFO - DAG(s) 'sensor_data_pipeline' retrieved from /opt/airflow/dags/pipeline.py
[2025-04-05T09:35:24.613+0000] {logging_mixin.py:188} INFO - [2025-04-05T09:35:24.613+0000] {dag.py:3089} INFO - Sync 1 DAGs
[2025-04-05T09:35:24.616+0000] {logging_mixin.py:188} INFO - [2025-04-05T09:35:24.616+0000] {dag.py:3947} INFO - Setting next_dagrun for sensor_data_pipeline to None, run_after=None
[2025-04-05T09:35:24.628+0000] {processor.py:183} INFO - Processing /opt/airflow/dags/pipeline.py took 0.250 seconds
[2025-04-05T09:35:54.804+0000] {processor.py:161} INFO - Started process (PID=243) to work on /opt/airflow/dags/pipeline.py
[2025-04-05T09:35:54.806+0000] {processor.py:830} INFO - Processing file /opt/airflow/dags/pipeline.py for tasks to queue
[2025-04-05T09:35:54.808+0000] {logging_mixin.py:188} INFO - [2025-04-05T09:35:54.807+0000] {dagbag.py:545} INFO - Filling up the DagBag from /opt/airflow/dags/pipeline.py
[2025-04-05T09:35:54.938+0000] {processor.py:840} INFO - DAG(s) 'sensor_data_pipeline' retrieved from /opt/airflow/dags/pipeline.py
[2025-04-05T09:35:55.037+0000] {logging_mixin.py:188} INFO - [2025-04-05T09:35:55.037+0000] {dag.py:3089} INFO - Sync 1 DAGs
[2025-04-05T09:35:55.040+0000] {logging_mixin.py:188} INFO - [2025-04-05T09:35:55.040+0000] {dag.py:3947} INFO - Setting next_dagrun for sensor_data_pipeline to None, run_after=None
[2025-04-05T09:35:55.049+0000] {processor.py:183} INFO - Processing /opt/airflow/dags/pipeline.py took 0.255 seconds
[2025-04-05T09:36:25.206+0000] {processor.py:161} INFO - Started process (PID=245) to work on /opt/airflow/dags/pipeline.py
[2025-04-05T09:36:25.208+0000] {processor.py:830} INFO - Processing file /opt/airflow/dags/pipeline.py for tasks to queue
[2025-04-05T09:36:25.212+0000] {logging_mixin.py:188} INFO - [2025-04-05T09:36:25.209+0000] {dagbag.py:545} INFO - Filling up the DagBag from /opt/airflow/dags/pipeline.py
[2025-04-05T09:36:25.351+0000] {processor.py:840} INFO - DAG(s) 'sensor_data_pipeline' retrieved from /opt/airflow/dags/pipeline.py
[2025-04-05T09:36:25.449+0000] {logging_mixin.py:188} INFO - [2025-04-05T09:36:25.449+0000] {dag.py:3089} INFO - Sync 1 DAGs
[2025-04-05T09:36:25.452+0000] {logging_mixin.py:188} INFO - [2025-04-05T09:36:25.452+0000] {dag.py:3947} INFO - Setting next_dagrun for sensor_data_pipeline to None, run_after=None
[2025-04-05T09:36:25.464+0000] {processor.py:183} INFO - Processing /opt/airflow/dags/pipeline.py took 0.268 seconds
[2025-04-05T09:36:55.596+0000] {processor.py:161} INFO - Started process (PID=247) to work on /opt/airflow/dags/pipeline.py
[2025-04-05T09:36:55.597+0000] {processor.py:830} INFO - Processing file /opt/airflow/dags/pipeline.py for tasks to queue
[2025-04-05T09:36:55.598+0000] {logging_mixin.py:188} INFO - [2025-04-05T09:36:55.598+0000] {dagbag.py:545} INFO - Filling up the DagBag from /opt/airflow/dags/pipeline.py
[2025-04-05T09:36:55.706+0000] {processor.py:840} INFO - DAG(s) 'sensor_data_pipeline' retrieved from /opt/airflow/dags/pipeline.py
[2025-04-05T09:36:55.739+0000] {logging_mixin.py:188} INFO - [2025-04-05T09:36:55.739+0000] {dag.py:3089} INFO - Sync 1 DAGs
[2025-04-05T09:36:55.800+0000] {logging_mixin.py:188} INFO - [2025-04-05T09:36:55.800+0000] {dag.py:3947} INFO - Setting next_dagrun for sensor_data_pipeline to None, run_after=None
[2025-04-05T09:36:55.813+0000] {processor.py:183} INFO - Processing /opt/airflow/dags/pipeline.py took 0.223 seconds
[2025-04-05T09:37:26.017+0000] {processor.py:161} INFO - Started process (PID=249) to work on /opt/airflow/dags/pipeline.py
[2025-04-05T09:37:26.020+0000] {processor.py:830} INFO - Processing file /opt/airflow/dags/pipeline.py for tasks to queue
[2025-04-05T09:37:26.022+0000] {logging_mixin.py:188} INFO - [2025-04-05T09:37:26.022+0000] {dagbag.py:545} INFO - Filling up the DagBag from /opt/airflow/dags/pipeline.py
[2025-04-05T09:37:26.153+0000] {processor.py:840} INFO - DAG(s) 'sensor_data_pipeline' retrieved from /opt/airflow/dags/pipeline.py
[2025-04-05T09:37:26.248+0000] {logging_mixin.py:188} INFO - [2025-04-05T09:37:26.248+0000] {dag.py:3089} INFO - Sync 1 DAGs
[2025-04-05T09:37:26.251+0000] {logging_mixin.py:188} INFO - [2025-04-05T09:37:26.251+0000] {dag.py:3947} INFO - Setting next_dagrun for sensor_data_pipeline to None, run_after=None
[2025-04-05T09:37:26.267+0000] {processor.py:183} INFO - Processing /opt/airflow/dags/pipeline.py took 0.259 seconds
[2025-04-05T09:37:56.424+0000] {processor.py:161} INFO - Started process (PID=251) to work on /opt/airflow/dags/pipeline.py
[2025-04-05T09:37:56.425+0000] {processor.py:830} INFO - Processing file /opt/airflow/dags/pipeline.py for tasks to queue
[2025-04-05T09:37:56.429+0000] {logging_mixin.py:188} INFO - [2025-04-05T09:37:56.426+0000] {dagbag.py:545} INFO - Filling up the DagBag from /opt/airflow/dags/pipeline.py
[2025-04-05T09:37:56.594+0000] {processor.py:840} INFO - DAG(s) 'sensor_data_pipeline' retrieved from /opt/airflow/dags/pipeline.py
[2025-04-05T09:37:56.721+0000] {logging_mixin.py:188} INFO - [2025-04-05T09:37:56.721+0000] {dag.py:3089} INFO - Sync 1 DAGs
[2025-04-05T09:37:56.724+0000] {logging_mixin.py:188} INFO - [2025-04-05T09:37:56.724+0000] {dag.py:3947} INFO - Setting next_dagrun for sensor_data_pipeline to None, run_after=None
[2025-04-05T09:37:56.742+0000] {processor.py:183} INFO - Processing /opt/airflow/dags/pipeline.py took 0.325 seconds
[2025-04-05T09:38:26.937+0000] {processor.py:161} INFO - Started process (PID=253) to work on /opt/airflow/dags/pipeline.py
[2025-04-05T09:38:26.939+0000] {processor.py:830} INFO - Processing file /opt/airflow/dags/pipeline.py for tasks to queue
[2025-04-05T09:38:26.941+0000] {logging_mixin.py:188} INFO - [2025-04-05T09:38:26.940+0000] {dagbag.py:545} INFO - Filling up the DagBag from /opt/airflow/dags/pipeline.py
[2025-04-05T09:38:27.054+0000] {processor.py:840} INFO - DAG(s) 'sensor_data_pipeline' retrieved from /opt/airflow/dags/pipeline.py
[2025-04-05T09:38:27.148+0000] {logging_mixin.py:188} INFO - [2025-04-05T09:38:27.148+0000] {dag.py:3089} INFO - Sync 1 DAGs
[2025-04-05T09:38:27.151+0000] {logging_mixin.py:188} INFO - [2025-04-05T09:38:27.151+0000] {dag.py:3947} INFO - Setting next_dagrun for sensor_data_pipeline to None, run_after=None
[2025-04-05T09:38:27.167+0000] {processor.py:183} INFO - Processing /opt/airflow/dags/pipeline.py took 0.238 seconds
[2025-04-05T09:38:57.340+0000] {processor.py:161} INFO - Started process (PID=255) to work on /opt/airflow/dags/pipeline.py
[2025-04-05T09:38:57.341+0000] {processor.py:830} INFO - Processing file /opt/airflow/dags/pipeline.py for tasks to queue
[2025-04-05T09:38:57.343+0000] {logging_mixin.py:188} INFO - [2025-04-05T09:38:57.342+0000] {dagbag.py:545} INFO - Filling up the DagBag from /opt/airflow/dags/pipeline.py
[2025-04-05T09:38:57.480+0000] {processor.py:840} INFO - DAG(s) 'sensor_data_pipeline' retrieved from /opt/airflow/dags/pipeline.py
[2025-04-05T09:38:57.612+0000] {logging_mixin.py:188} INFO - [2025-04-05T09:38:57.612+0000] {dag.py:3089} INFO - Sync 1 DAGs
[2025-04-05T09:38:57.616+0000] {logging_mixin.py:188} INFO - [2025-04-05T09:38:57.615+0000] {dag.py:3947} INFO - Setting next_dagrun for sensor_data_pipeline to None, run_after=None
[2025-04-05T09:38:57.629+0000] {processor.py:183} INFO - Processing /opt/airflow/dags/pipeline.py took 0.296 seconds
[2025-04-05T09:39:27.761+0000] {processor.py:161} INFO - Started process (PID=257) to work on /opt/airflow/dags/pipeline.py
[2025-04-05T09:39:27.762+0000] {processor.py:830} INFO - Processing file /opt/airflow/dags/pipeline.py for tasks to queue
[2025-04-05T09:39:27.765+0000] {logging_mixin.py:188} INFO - [2025-04-05T09:39:27.763+0000] {dagbag.py:545} INFO - Filling up the DagBag from /opt/airflow/dags/pipeline.py
[2025-04-05T09:39:27.881+0000] {processor.py:840} INFO - DAG(s) 'sensor_data_pipeline' retrieved from /opt/airflow/dags/pipeline.py
[2025-04-05T09:39:27.976+0000] {logging_mixin.py:188} INFO - [2025-04-05T09:39:27.976+0000] {dag.py:3089} INFO - Sync 1 DAGs
[2025-04-05T09:39:27.979+0000] {logging_mixin.py:188} INFO - [2025-04-05T09:39:27.979+0000] {dag.py:3947} INFO - Setting next_dagrun for sensor_data_pipeline to None, run_after=None
[2025-04-05T09:39:27.990+0000] {processor.py:183} INFO - Processing /opt/airflow/dags/pipeline.py took 0.236 seconds
[2025-04-05T09:39:58.164+0000] {processor.py:161} INFO - Started process (PID=259) to work on /opt/airflow/dags/pipeline.py
[2025-04-05T09:39:58.165+0000] {processor.py:830} INFO - Processing file /opt/airflow/dags/pipeline.py for tasks to queue
[2025-04-05T09:39:58.167+0000] {logging_mixin.py:188} INFO - [2025-04-05T09:39:58.167+0000] {dagbag.py:545} INFO - Filling up the DagBag from /opt/airflow/dags/pipeline.py
[2025-04-05T09:39:58.276+0000] {processor.py:840} INFO - DAG(s) 'sensor_data_pipeline' retrieved from /opt/airflow/dags/pipeline.py
[2025-04-05T09:39:58.365+0000] {logging_mixin.py:188} INFO - [2025-04-05T09:39:58.365+0000] {dag.py:3089} INFO - Sync 1 DAGs
[2025-04-05T09:39:58.368+0000] {logging_mixin.py:188} INFO - [2025-04-05T09:39:58.368+0000] {dag.py:3947} INFO - Setting next_dagrun for sensor_data_pipeline to None, run_after=None
[2025-04-05T09:39:58.379+0000] {processor.py:183} INFO - Processing /opt/airflow/dags/pipeline.py took 0.224 seconds
[2025-04-05T09:40:28.572+0000] {processor.py:161} INFO - Started process (PID=261) to work on /opt/airflow/dags/pipeline.py
[2025-04-05T09:40:28.574+0000] {processor.py:830} INFO - Processing file /opt/airflow/dags/pipeline.py for tasks to queue
[2025-04-05T09:40:28.575+0000] {logging_mixin.py:188} INFO - [2025-04-05T09:40:28.575+0000] {dagbag.py:545} INFO - Filling up the DagBag from /opt/airflow/dags/pipeline.py
[2025-04-05T09:40:28.692+0000] {processor.py:840} INFO - DAG(s) 'sensor_data_pipeline' retrieved from /opt/airflow/dags/pipeline.py
[2025-04-05T09:40:28.782+0000] {logging_mixin.py:188} INFO - [2025-04-05T09:40:28.781+0000] {dag.py:3089} INFO - Sync 1 DAGs
[2025-04-05T09:40:28.785+0000] {logging_mixin.py:188} INFO - [2025-04-05T09:40:28.785+0000] {dag.py:3947} INFO - Setting next_dagrun for sensor_data_pipeline to None, run_after=None
[2025-04-05T09:40:28.795+0000] {processor.py:183} INFO - Processing /opt/airflow/dags/pipeline.py took 0.231 seconds
[2025-04-05T09:40:58.981+0000] {processor.py:161} INFO - Started process (PID=263) to work on /opt/airflow/dags/pipeline.py
[2025-04-05T09:40:58.982+0000] {processor.py:830} INFO - Processing file /opt/airflow/dags/pipeline.py for tasks to queue
[2025-04-05T09:40:58.986+0000] {logging_mixin.py:188} INFO - [2025-04-05T09:40:58.984+0000] {dagbag.py:545} INFO - Filling up the DagBag from /opt/airflow/dags/pipeline.py
[2025-04-05T09:40:59.121+0000] {processor.py:840} INFO - DAG(s) 'sensor_data_pipeline' retrieved from /opt/airflow/dags/pipeline.py
[2025-04-05T09:40:59.209+0000] {logging_mixin.py:188} INFO - [2025-04-05T09:40:59.209+0000] {dag.py:3089} INFO - Sync 1 DAGs
[2025-04-05T09:40:59.212+0000] {logging_mixin.py:188} INFO - [2025-04-05T09:40:59.212+0000] {dag.py:3947} INFO - Setting next_dagrun for sensor_data_pipeline to None, run_after=None
[2025-04-05T09:40:59.223+0000] {processor.py:183} INFO - Processing /opt/airflow/dags/pipeline.py took 0.248 seconds
[2025-04-05T09:41:29.380+0000] {processor.py:161} INFO - Started process (PID=265) to work on /opt/airflow/dags/pipeline.py
[2025-04-05T09:41:29.382+0000] {processor.py:830} INFO - Processing file /opt/airflow/dags/pipeline.py for tasks to queue
[2025-04-05T09:41:29.384+0000] {logging_mixin.py:188} INFO - [2025-04-05T09:41:29.384+0000] {dagbag.py:545} INFO - Filling up the DagBag from /opt/airflow/dags/pipeline.py
[2025-04-05T09:41:29.493+0000] {processor.py:840} INFO - DAG(s) 'sensor_data_pipeline' retrieved from /opt/airflow/dags/pipeline.py
[2025-04-05T09:41:29.593+0000] {logging_mixin.py:188} INFO - [2025-04-05T09:41:29.593+0000] {dag.py:3089} INFO - Sync 1 DAGs
[2025-04-05T09:41:29.596+0000] {logging_mixin.py:188} INFO - [2025-04-05T09:41:29.596+0000] {dag.py:3947} INFO - Setting next_dagrun for sensor_data_pipeline to None, run_after=None
[2025-04-05T09:41:29.607+0000] {processor.py:183} INFO - Processing /opt/airflow/dags/pipeline.py took 0.235 seconds
[2025-04-05T09:41:59.787+0000] {processor.py:161} INFO - Started process (PID=267) to work on /opt/airflow/dags/pipeline.py
[2025-04-05T09:41:59.789+0000] {processor.py:830} INFO - Processing file /opt/airflow/dags/pipeline.py for tasks to queue
[2025-04-05T09:41:59.791+0000] {logging_mixin.py:188} INFO - [2025-04-05T09:41:59.790+0000] {dagbag.py:545} INFO - Filling up the DagBag from /opt/airflow/dags/pipeline.py
[2025-04-05T09:41:59.904+0000] {processor.py:840} INFO - DAG(s) 'sensor_data_pipeline' retrieved from /opt/airflow/dags/pipeline.py
[2025-04-05T09:42:00.000+0000] {logging_mixin.py:188} INFO - [2025-04-05T09:42:00.000+0000] {dag.py:3089} INFO - Sync 1 DAGs
[2025-04-05T09:42:00.003+0000] {logging_mixin.py:188} INFO - [2025-04-05T09:42:00.003+0000] {dag.py:3947} INFO - Setting next_dagrun for sensor_data_pipeline to None, run_after=None
[2025-04-05T09:42:00.013+0000] {processor.py:183} INFO - Processing /opt/airflow/dags/pipeline.py took 0.234 seconds
[2025-04-05T09:42:30.200+0000] {processor.py:161} INFO - Started process (PID=269) to work on /opt/airflow/dags/pipeline.py
[2025-04-05T09:42:30.202+0000] {processor.py:830} INFO - Processing file /opt/airflow/dags/pipeline.py for tasks to queue
[2025-04-05T09:42:30.206+0000] {logging_mixin.py:188} INFO - [2025-04-05T09:42:30.204+0000] {dagbag.py:545} INFO - Filling up the DagBag from /opt/airflow/dags/pipeline.py
[2025-04-05T09:42:30.330+0000] {processor.py:840} INFO - DAG(s) 'sensor_data_pipeline' retrieved from /opt/airflow/dags/pipeline.py
[2025-04-05T09:42:30.439+0000] {logging_mixin.py:188} INFO - [2025-04-05T09:42:30.439+0000] {dag.py:3089} INFO - Sync 1 DAGs
[2025-04-05T09:42:30.442+0000] {logging_mixin.py:188} INFO - [2025-04-05T09:42:30.442+0000] {dag.py:3947} INFO - Setting next_dagrun for sensor_data_pipeline to None, run_after=None
[2025-04-05T09:42:30.452+0000] {processor.py:183} INFO - Processing /opt/airflow/dags/pipeline.py took 0.261 seconds
[2025-04-05T09:43:00.597+0000] {processor.py:161} INFO - Started process (PID=271) to work on /opt/airflow/dags/pipeline.py
[2025-04-05T09:43:00.598+0000] {processor.py:830} INFO - Processing file /opt/airflow/dags/pipeline.py for tasks to queue
[2025-04-05T09:43:00.600+0000] {logging_mixin.py:188} INFO - [2025-04-05T09:43:00.599+0000] {dagbag.py:545} INFO - Filling up the DagBag from /opt/airflow/dags/pipeline.py
[2025-04-05T09:43:00.711+0000] {processor.py:840} INFO - DAG(s) 'sensor_data_pipeline' retrieved from /opt/airflow/dags/pipeline.py
[2025-04-05T09:43:00.807+0000] {logging_mixin.py:188} INFO - [2025-04-05T09:43:00.806+0000] {dag.py:3089} INFO - Sync 1 DAGs
[2025-04-05T09:43:00.810+0000] {logging_mixin.py:188} INFO - [2025-04-05T09:43:00.810+0000] {dag.py:3947} INFO - Setting next_dagrun for sensor_data_pipeline to None, run_after=None
[2025-04-05T09:43:00.820+0000] {processor.py:183} INFO - Processing /opt/airflow/dags/pipeline.py took 0.230 seconds
[2025-04-05T09:43:31.019+0000] {processor.py:161} INFO - Started process (PID=273) to work on /opt/airflow/dags/pipeline.py
[2025-04-05T09:43:31.022+0000] {processor.py:830} INFO - Processing file /opt/airflow/dags/pipeline.py for tasks to queue
[2025-04-05T09:43:31.024+0000] {logging_mixin.py:188} INFO - [2025-04-05T09:43:31.023+0000] {dagbag.py:545} INFO - Filling up the DagBag from /opt/airflow/dags/pipeline.py
[2025-04-05T09:43:31.148+0000] {processor.py:840} INFO - DAG(s) 'sensor_data_pipeline' retrieved from /opt/airflow/dags/pipeline.py
[2025-04-05T09:43:31.237+0000] {logging_mixin.py:188} INFO - [2025-04-05T09:43:31.237+0000] {dag.py:3089} INFO - Sync 1 DAGs
[2025-04-05T09:43:31.240+0000] {logging_mixin.py:188} INFO - [2025-04-05T09:43:31.240+0000] {dag.py:3947} INFO - Setting next_dagrun for sensor_data_pipeline to None, run_after=None
[2025-04-05T09:43:31.250+0000] {processor.py:183} INFO - Processing /opt/airflow/dags/pipeline.py took 0.241 seconds
[2025-04-05T09:44:01.436+0000] {processor.py:161} INFO - Started process (PID=275) to work on /opt/airflow/dags/pipeline.py
[2025-04-05T09:44:01.437+0000] {processor.py:830} INFO - Processing file /opt/airflow/dags/pipeline.py for tasks to queue
[2025-04-05T09:44:01.440+0000] {logging_mixin.py:188} INFO - [2025-04-05T09:44:01.438+0000] {dagbag.py:545} INFO - Filling up the DagBag from /opt/airflow/dags/pipeline.py
[2025-04-05T09:44:01.574+0000] {processor.py:840} INFO - DAG(s) 'sensor_data_pipeline' retrieved from /opt/airflow/dags/pipeline.py
[2025-04-05T09:44:01.663+0000] {logging_mixin.py:188} INFO - [2025-04-05T09:44:01.662+0000] {dag.py:3089} INFO - Sync 1 DAGs
[2025-04-05T09:44:01.666+0000] {logging_mixin.py:188} INFO - [2025-04-05T09:44:01.665+0000] {dag.py:3947} INFO - Setting next_dagrun for sensor_data_pipeline to None, run_after=None
[2025-04-05T09:44:01.677+0000] {processor.py:183} INFO - Processing /opt/airflow/dags/pipeline.py took 0.248 seconds
[2025-04-05T09:44:31.831+0000] {processor.py:161} INFO - Started process (PID=277) to work on /opt/airflow/dags/pipeline.py
[2025-04-05T09:44:31.832+0000] {processor.py:830} INFO - Processing file /opt/airflow/dags/pipeline.py for tasks to queue
[2025-04-05T09:44:31.834+0000] {logging_mixin.py:188} INFO - [2025-04-05T09:44:31.833+0000] {dagbag.py:545} INFO - Filling up the DagBag from /opt/airflow/dags/pipeline.py
[2025-04-05T09:44:31.945+0000] {processor.py:840} INFO - DAG(s) 'sensor_data_pipeline' retrieved from /opt/airflow/dags/pipeline.py
[2025-04-05T09:44:32.032+0000] {logging_mixin.py:188} INFO - [2025-04-05T09:44:32.032+0000] {dag.py:3089} INFO - Sync 1 DAGs
[2025-04-05T09:44:32.035+0000] {logging_mixin.py:188} INFO - [2025-04-05T09:44:32.035+0000] {dag.py:3947} INFO - Setting next_dagrun for sensor_data_pipeline to None, run_after=None
[2025-04-05T09:44:32.044+0000] {processor.py:183} INFO - Processing /opt/airflow/dags/pipeline.py took 0.220 seconds
[2025-04-05T09:45:02.250+0000] {processor.py:161} INFO - Started process (PID=279) to work on /opt/airflow/dags/pipeline.py
[2025-04-05T09:45:02.252+0000] {processor.py:830} INFO - Processing file /opt/airflow/dags/pipeline.py for tasks to queue
[2025-04-05T09:45:02.254+0000] {logging_mixin.py:188} INFO - [2025-04-05T09:45:02.253+0000] {dagbag.py:545} INFO - Filling up the DagBag from /opt/airflow/dags/pipeline.py
[2025-04-05T09:45:02.376+0000] {processor.py:840} INFO - DAG(s) 'sensor_data_pipeline' retrieved from /opt/airflow/dags/pipeline.py
[2025-04-05T09:45:02.469+0000] {logging_mixin.py:188} INFO - [2025-04-05T09:45:02.468+0000] {dag.py:3089} INFO - Sync 1 DAGs
[2025-04-05T09:45:02.471+0000] {logging_mixin.py:188} INFO - [2025-04-05T09:45:02.471+0000] {dag.py:3947} INFO - Setting next_dagrun for sensor_data_pipeline to None, run_after=None
[2025-04-05T09:45:02.482+0000] {processor.py:183} INFO - Processing /opt/airflow/dags/pipeline.py took 0.240 seconds
[2025-04-05T09:45:32.676+0000] {processor.py:161} INFO - Started process (PID=281) to work on /opt/airflow/dags/pipeline.py
[2025-04-05T09:45:32.677+0000] {processor.py:830} INFO - Processing file /opt/airflow/dags/pipeline.py for tasks to queue
[2025-04-05T09:45:32.680+0000] {logging_mixin.py:188} INFO - [2025-04-05T09:45:32.678+0000] {dagbag.py:545} INFO - Filling up the DagBag from /opt/airflow/dags/pipeline.py
[2025-04-05T09:45:32.806+0000] {processor.py:840} INFO - DAG(s) 'sensor_data_pipeline' retrieved from /opt/airflow/dags/pipeline.py
[2025-04-05T09:45:32.900+0000] {logging_mixin.py:188} INFO - [2025-04-05T09:45:32.900+0000] {dag.py:3089} INFO - Sync 1 DAGs
[2025-04-05T09:45:32.903+0000] {logging_mixin.py:188} INFO - [2025-04-05T09:45:32.903+0000] {dag.py:3947} INFO - Setting next_dagrun for sensor_data_pipeline to None, run_after=None
[2025-04-05T09:45:32.913+0000] {processor.py:183} INFO - Processing /opt/airflow/dags/pipeline.py took 0.245 seconds
[2025-04-05T09:46:03.100+0000] {processor.py:161} INFO - Started process (PID=283) to work on /opt/airflow/dags/pipeline.py
[2025-04-05T09:46:03.101+0000] {processor.py:830} INFO - Processing file /opt/airflow/dags/pipeline.py for tasks to queue
[2025-04-05T09:46:03.102+0000] {logging_mixin.py:188} INFO - [2025-04-05T09:46:03.102+0000] {dagbag.py:545} INFO - Filling up the DagBag from /opt/airflow/dags/pipeline.py
[2025-04-05T09:46:03.214+0000] {processor.py:840} INFO - DAG(s) 'sensor_data_pipeline' retrieved from /opt/airflow/dags/pipeline.py
[2025-04-05T09:46:03.306+0000] {logging_mixin.py:188} INFO - [2025-04-05T09:46:03.306+0000] {dag.py:3089} INFO - Sync 1 DAGs
[2025-04-05T09:46:03.309+0000] {logging_mixin.py:188} INFO - [2025-04-05T09:46:03.309+0000] {dag.py:3947} INFO - Setting next_dagrun for sensor_data_pipeline to None, run_after=None
[2025-04-05T09:46:03.320+0000] {processor.py:183} INFO - Processing /opt/airflow/dags/pipeline.py took 0.227 seconds
[2025-04-05T09:46:33.516+0000] {processor.py:161} INFO - Started process (PID=285) to work on /opt/airflow/dags/pipeline.py
[2025-04-05T09:46:33.518+0000] {processor.py:830} INFO - Processing file /opt/airflow/dags/pipeline.py for tasks to queue
[2025-04-05T09:46:33.520+0000] {logging_mixin.py:188} INFO - [2025-04-05T09:46:33.519+0000] {dagbag.py:545} INFO - Filling up the DagBag from /opt/airflow/dags/pipeline.py
[2025-04-05T09:46:33.640+0000] {processor.py:840} INFO - DAG(s) 'sensor_data_pipeline' retrieved from /opt/airflow/dags/pipeline.py
[2025-04-05T09:46:33.728+0000] {logging_mixin.py:188} INFO - [2025-04-05T09:46:33.728+0000] {dag.py:3089} INFO - Sync 1 DAGs
[2025-04-05T09:46:33.732+0000] {logging_mixin.py:188} INFO - [2025-04-05T09:46:33.732+0000] {dag.py:3947} INFO - Setting next_dagrun for sensor_data_pipeline to None, run_after=None
[2025-04-05T09:46:33.742+0000] {processor.py:183} INFO - Processing /opt/airflow/dags/pipeline.py took 0.234 seconds
