[2025-03-31T22:03:32.112+0000] {local_task_job_runner.py:120} INFO - ::group::Pre task execution logs
[2025-03-31T22:03:32.122+0000] {taskinstance.py:2076} INFO - Dependencies all met for dep_context=non-requeueable deps ti=<TaskInstance: sensor_data_pipeline.query_avg_temp manual__2025-03-31T22:03:17.718054+00:00 [queued]>
[2025-03-31T22:03:32.127+0000] {taskinstance.py:2076} INFO - Dependencies all met for dep_context=requeueable deps ti=<TaskInstance: sensor_data_pipeline.query_avg_temp manual__2025-03-31T22:03:17.718054+00:00 [queued]>
[2025-03-31T22:03:32.128+0000] {taskinstance.py:2306} INFO - Starting attempt 1 of 2
[2025-03-31T22:03:32.136+0000] {taskinstance.py:2330} INFO - Executing <Task(PythonOperator): query_avg_temp> on 2025-03-31 22:03:17.718054+00:00
[2025-03-31T22:03:32.138+0000] {standard_task_runner.py:64} INFO - Started process 218 to run task
[2025-03-31T22:03:32.140+0000] {standard_task_runner.py:90} INFO - Running: ['airflow', 'tasks', 'run', 'sensor_data_pipeline', 'query_avg_temp', 'manual__2025-03-31T22:03:17.718054+00:00', '--job-id', '62', '--raw', '--subdir', 'DAGS_FOLDER/pipeline.py', '--cfg-path', '/tmp/tmp3342k677']
[2025-03-31T22:03:32.141+0000] {standard_task_runner.py:91} INFO - Job 62: Subtask query_avg_temp
[2025-03-31T22:03:32.157+0000] {task_command.py:426} INFO - Running <TaskInstance: sensor_data_pipeline.query_avg_temp manual__2025-03-31T22:03:17.718054+00:00 [running]> on host airflow
[2025-03-31T22:03:32.189+0000] {taskinstance.py:2648} INFO - Exporting env vars: AIRFLOW_CTX_DAG_OWNER='airflow' AIRFLOW_CTX_DAG_ID='sensor_data_pipeline' AIRFLOW_CTX_TASK_ID='query_avg_temp' AIRFLOW_CTX_EXECUTION_DATE='2025-03-31T22:03:17.718054+00:00' AIRFLOW_CTX_TRY_NUMBER='1' AIRFLOW_CTX_DAG_RUN_ID='manual__2025-03-31T22:03:17.718054+00:00'
[2025-03-31T22:03:32.189+0000] {taskinstance.py:430} INFO - ::endgroup::
[2025-03-31T22:03:32.194+0000] {pipeline.py:178} INFO - Executing query to get average temperature by location and day
[2025-03-31T22:03:32.198+0000] {base.py:84} INFO - Using connection ID 'hive_default' for task execution.
[2025-03-31T22:03:32.210+0000] {hive.py:475} INFO - USE `default`
[2025-03-31T22:03:32.221+0000] {hive.py:475} INFO - 
            SELECT
                record_datetime,
                AVG(temperature_salon) AS avg_temperature_salon,
                AVG(temperature_chambre) AS avg_temperature_chambre,
                AVG(temperature_bureau) AS avg_temperature_bureau,
                AVG(temperature_exterieur) AS avg_temperature_exterieur
            FROM sensors.records
            GROUP BY record_datetime
        
[2025-03-31T22:03:33.634+0000] {pipeline.py:197} INFO - Query executed successfully. Rows returned: [('2023-09-01', 23.85458323160807, 24.75770829518636, 24.548333422342935, 22.763937377929686), ('2023-09-02', 23.318880180517834, 25.725260416666668, 24.493750055631, 20.56173825263977), ('2023-09-03', 25.076367179552715, 27.03476558128993, 25.541210909684498, 21.27413413921992), ('2023-09-04', 26.003450493017834, 27.328776081403095, 26.175357977549236, 21.711373766263325), ('2023-09-05', 26.148958325386047, 27.481770833333332, 26.7790691057841, 22.055156310399372), ('2023-09-06', 26.05455736319224, 27.80312504371007, 26.95520826180776, 21.071373720963795), ('2023-09-07', 26.627864559491474, 28.281835973262787, 27.36803396542867, 21.932373106479645), ('2023-09-08', 26.160879558987087, 28.71070603971128, 27.213020854526096, 18.419565977873624)]
[2025-03-31T22:03:33.634+0000] {pipeline.py:198} INFO - Results:
[2025-03-31T22:03:33.634+0000] {pipeline.py:200} INFO - ('2023-09-01', 23.85458323160807, 24.75770829518636, 24.548333422342935, 22.763937377929686)
[2025-03-31T22:03:33.634+0000] {pipeline.py:200} INFO - ('2023-09-02', 23.318880180517834, 25.725260416666668, 24.493750055631, 20.56173825263977)
[2025-03-31T22:03:33.634+0000] {pipeline.py:200} INFO - ('2023-09-03', 25.076367179552715, 27.03476558128993, 25.541210909684498, 21.27413413921992)
[2025-03-31T22:03:33.634+0000] {pipeline.py:200} INFO - ('2023-09-04', 26.003450493017834, 27.328776081403095, 26.175357977549236, 21.711373766263325)
[2025-03-31T22:03:33.635+0000] {pipeline.py:200} INFO - ('2023-09-05', 26.148958325386047, 27.481770833333332, 26.7790691057841, 22.055156310399372)
[2025-03-31T22:03:33.635+0000] {pipeline.py:200} INFO - ('2023-09-06', 26.05455736319224, 27.80312504371007, 26.95520826180776, 21.071373720963795)
[2025-03-31T22:03:33.635+0000] {pipeline.py:200} INFO - ('2023-09-07', 26.627864559491474, 28.281835973262787, 27.36803396542867, 21.932373106479645)
[2025-03-31T22:03:33.635+0000] {pipeline.py:200} INFO - ('2023-09-08', 26.160879558987087, 28.71070603971128, 27.213020854526096, 18.419565977873624)
[2025-03-31T22:03:33.635+0000] {pipeline.py:201} INFO - Closing Hive connection
[2025-03-31T22:03:33.635+0000] {python.py:237} INFO - Done. Returned value was: None
[2025-03-31T22:03:33.635+0000] {taskinstance.py:441} INFO - ::group::Post task execution logs
[2025-03-31T22:03:33.640+0000] {taskinstance.py:1206} INFO - Marking task as SUCCESS. dag_id=sensor_data_pipeline, task_id=query_avg_temp, run_id=manual__2025-03-31T22:03:17.718054+00:00, execution_date=20250331T220317, start_date=20250331T220332, end_date=20250331T220333
[2025-03-31T22:03:33.667+0000] {local_task_job_runner.py:243} INFO - Task exited with return code 0
[2025-03-31T22:03:33.680+0000] {taskinstance.py:3503} INFO - 0 downstream tasks scheduled from follow-on schedule check
[2025-03-31T22:03:33.680+0000] {local_task_job_runner.py:222} INFO - ::endgroup::
