[2025-03-31T21:37:11.359+0000] {local_task_job_runner.py:120} INFO - ::group::Pre task execution logs
[2025-03-31T21:37:11.367+0000] {taskinstance.py:2076} INFO - Dependencies all met for dep_context=non-requeueable deps ti=<TaskInstance: sensor_data_pipelinew.create_kafka_hdfs_sink manual__2025-03-30T16:45:43.154862+00:00 [queued]>
[2025-03-31T21:37:11.369+0000] {taskinstance.py:2076} INFO - Dependencies all met for dep_context=requeueable deps ti=<TaskInstance: sensor_data_pipelinew.create_kafka_hdfs_sink manual__2025-03-30T16:45:43.154862+00:00 [queued]>
[2025-03-31T21:37:11.369+0000] {taskinstance.py:2306} INFO - Starting attempt 1 of 2
[2025-03-31T21:37:11.376+0000] {taskinstance.py:2330} INFO - Executing <Task(PythonOperator): create_kafka_hdfs_sink> on 2025-03-30 16:45:43.154862+00:00
[2025-03-31T21:37:11.378+0000] {standard_task_runner.py:64} INFO - Started process 167 to run task
[2025-03-31T21:37:11.380+0000] {standard_task_runner.py:90} INFO - Running: ['airflow', 'tasks', 'run', 'sensor_data_pipelinew', 'create_kafka_hdfs_sink', 'manual__2025-03-30T16:45:43.154862+00:00', '--job-id', '18', '--raw', '--subdir', 'DAGS_FOLDER/pipeline.py', '--cfg-path', '/tmp/tmpde5xiar6']
[2025-03-31T21:37:11.381+0000] {standard_task_runner.py:91} INFO - Job 18: Subtask create_kafka_hdfs_sink
[2025-03-31T21:37:11.405+0000] {task_command.py:426} INFO - Running <TaskInstance: sensor_data_pipelinew.create_kafka_hdfs_sink manual__2025-03-30T16:45:43.154862+00:00 [running]> on host airflow
[2025-03-31T21:37:11.454+0000] {taskinstance.py:2648} INFO - Exporting env vars: AIRFLOW_CTX_DAG_OWNER='airflow' AIRFLOW_CTX_DAG_ID='sensor_data_pipelinew' AIRFLOW_CTX_TASK_ID='create_kafka_hdfs_sink' AIRFLOW_CTX_EXECUTION_DATE='2025-03-30T16:45:43.154862+00:00' AIRFLOW_CTX_TRY_NUMBER='1' AIRFLOW_CTX_DAG_RUN_ID='manual__2025-03-30T16:45:43.154862+00:00'
[2025-03-31T21:37:11.455+0000] {taskinstance.py:430} INFO - ::endgroup::
[2025-03-31T21:37:11.468+0000] {pipeline.py:63} INFO - Creating Kafka-HDFS sink connector for topic 'sensores'
[2025-03-31T21:37:11.468+0000] {pipeline.py:82} INFO - Sending connector configuration to Kafka Connect REST API
[2025-03-31T21:37:11.524+0000] {pipeline.py:91} INFO - ✅ Connector created successfully
[2025-03-31T21:37:11.525+0000] {python.py:237} INFO - Done. Returned value was: None
[2025-03-31T21:37:11.525+0000] {taskinstance.py:441} INFO - ::group::Post task execution logs
[2025-03-31T21:37:11.527+0000] {taskinstance.py:1206} INFO - Marking task as SUCCESS. dag_id=sensor_data_pipelinew, task_id=create_kafka_hdfs_sink, run_id=manual__2025-03-30T16:45:43.154862+00:00, execution_date=20250330T164543, start_date=20250331T213711, end_date=20250331T213711
[2025-03-31T21:37:11.559+0000] {local_task_job_runner.py:243} INFO - Task exited with return code 0
[2025-03-31T21:37:11.574+0000] {taskinstance.py:3503} INFO - 1 downstream tasks scheduled from follow-on schedule check
[2025-03-31T21:37:11.576+0000] {local_task_job_runner.py:222} INFO - ::endgroup::
