[2025-03-31T22:09:48.634+0000] {local_task_job_runner.py:120} INFO - ::group::Pre task execution logs
[2025-03-31T22:09:48.646+0000] {taskinstance.py:2076} INFO - Dependencies all met for dep_context=non-requeueable deps ti=<TaskInstance: sensor_data_pipeline.query_avg_temp manual__2025-03-31T22:09:35.049137+00:00 [queued]>
[2025-03-31T22:09:48.650+0000] {taskinstance.py:2076} INFO - Dependencies all met for dep_context=requeueable deps ti=<TaskInstance: sensor_data_pipeline.query_avg_temp manual__2025-03-31T22:09:35.049137+00:00 [queued]>
[2025-03-31T22:09:48.650+0000] {taskinstance.py:2306} INFO - Starting attempt 1 of 2
[2025-03-31T22:09:48.657+0000] {taskinstance.py:2330} INFO - Executing <Task(PythonOperator): query_avg_temp> on 2025-03-31 22:09:35.049137+00:00
[2025-03-31T22:09:48.659+0000] {standard_task_runner.py:64} INFO - Started process 218 to run task
[2025-03-31T22:09:48.661+0000] {standard_task_runner.py:90} INFO - Running: ['airflow', 'tasks', 'run', 'sensor_data_pipeline', 'query_avg_temp', 'manual__2025-03-31T22:09:35.049137+00:00', '--job-id', '70', '--raw', '--subdir', 'DAGS_FOLDER/pipeline.py', '--cfg-path', '/tmp/tmp_lzmhw49']
[2025-03-31T22:09:48.662+0000] {standard_task_runner.py:91} INFO - Job 70: Subtask query_avg_temp
[2025-03-31T22:09:48.678+0000] {task_command.py:426} INFO - Running <TaskInstance: sensor_data_pipeline.query_avg_temp manual__2025-03-31T22:09:35.049137+00:00 [running]> on host airflow
[2025-03-31T22:09:48.705+0000] {taskinstance.py:2648} INFO - Exporting env vars: AIRFLOW_CTX_DAG_OWNER='airflow' AIRFLOW_CTX_DAG_ID='sensor_data_pipeline' AIRFLOW_CTX_TASK_ID='query_avg_temp' AIRFLOW_CTX_EXECUTION_DATE='2025-03-31T22:09:35.049137+00:00' AIRFLOW_CTX_TRY_NUMBER='1' AIRFLOW_CTX_DAG_RUN_ID='manual__2025-03-31T22:09:35.049137+00:00'
[2025-03-31T22:09:48.705+0000] {taskinstance.py:430} INFO - ::endgroup::
[2025-03-31T22:09:48.710+0000] {pipeline.py:178} INFO - Executing query to get average temperature by location and day
[2025-03-31T22:09:48.713+0000] {base.py:84} INFO - Using connection ID 'hive_default' for task execution.
[2025-03-31T22:09:48.726+0000] {hive.py:475} INFO - USE `default`
[2025-03-31T22:09:48.734+0000] {hive.py:475} INFO - 
            SELECT
                record_datetime,
                AVG(temperature_salon) AS avg_temperature_salon,
                AVG(temperature_chambre) AS avg_temperature_chambre,
                AVG(temperature_bureau) AS avg_temperature_bureau,
                AVG(temperature_exterieur) AS avg_temperature_exterieur
            FROM sensors.records
            GROUP BY record_datetime
        
[2025-03-31T22:09:50.081+0000] {pipeline.py:197} INFO - Query executed successfully. Rows returned: [('2023-08-29', 24.203326563681326, 24.1996975867979, 24.76098789707307, 17.004334649732037), ('2023-08-30', 23.605403621991474, 24.455924491087597, 24.37298176685969, 16.819817672173183), ('2023-08-31', 23.231575588385265, 24.203971326351166, 24.108593722184498, 16.686861942211788), ('2023-09-01', 22.618489464124043, 24.601171890894573, 23.87200528383255, 19.682246029376984), ('2023-09-02', 23.318880180517834, 25.725260416666668, 24.493750055631, 20.56173825263977), ('2023-09-03', 24.902604148501442, 26.898883910406205, 25.32061006909325, 21.049196470351447)]
[2025-03-31T22:09:50.081+0000] {pipeline.py:198} INFO - Results:
[2025-03-31T22:09:50.081+0000] {pipeline.py:199} INFO - datetime | avg_temperature_salon | avg_temperature_chambre | avg_temperature_bureau | avg_temperature_exterieur
[2025-03-31T22:09:50.081+0000] {pipeline.py:203} INFO - ('2023-08-29', 24.203326563681326, 24.1996975867979, 24.76098789707307, 17.004334649732037)
[2025-03-31T22:09:50.082+0000] {pipeline.py:203} INFO - ('2023-08-30', 23.605403621991474, 24.455924491087597, 24.37298176685969, 16.819817672173183)
[2025-03-31T22:09:50.082+0000] {pipeline.py:203} INFO - ('2023-08-31', 23.231575588385265, 24.203971326351166, 24.108593722184498, 16.686861942211788)
[2025-03-31T22:09:50.082+0000] {pipeline.py:203} INFO - ('2023-09-01', 22.618489464124043, 24.601171890894573, 23.87200528383255, 19.682246029376984)
[2025-03-31T22:09:50.082+0000] {pipeline.py:203} INFO - ('2023-09-02', 23.318880180517834, 25.725260416666668, 24.493750055631, 20.56173825263977)
[2025-03-31T22:09:50.082+0000] {pipeline.py:203} INFO - ('2023-09-03', 24.902604148501442, 26.898883910406205, 25.32061006909325, 21.049196470351447)
[2025-03-31T22:09:50.082+0000] {pipeline.py:204} INFO - Closing Hive connection
[2025-03-31T22:09:50.082+0000] {python.py:237} INFO - Done. Returned value was: None
[2025-03-31T22:09:50.082+0000] {taskinstance.py:441} INFO - ::group::Post task execution logs
[2025-03-31T22:09:50.086+0000] {taskinstance.py:1206} INFO - Marking task as SUCCESS. dag_id=sensor_data_pipeline, task_id=query_avg_temp, run_id=manual__2025-03-31T22:09:35.049137+00:00, execution_date=20250331T220935, start_date=20250331T220948, end_date=20250331T220950
[2025-03-31T22:09:50.124+0000] {local_task_job_runner.py:243} INFO - Task exited with return code 0
[2025-03-31T22:09:50.139+0000] {taskinstance.py:3503} INFO - 1 downstream tasks scheduled from follow-on schedule check
[2025-03-31T22:09:50.143+0000] {local_task_job_runner.py:222} INFO - ::endgroup::
