[2025-03-31T22:05:33.818+0000] {local_task_job_runner.py:120} INFO - ::group::Pre task execution logs
[2025-03-31T22:05:33.828+0000] {taskinstance.py:2076} INFO - Dependencies all met for dep_context=non-requeueable deps ti=<TaskInstance: sensor_data_pipeline.query_avg_temp manual__2025-03-31T22:00:18.339898+00:00 [queued]>
[2025-03-31T22:05:33.831+0000] {taskinstance.py:2076} INFO - Dependencies all met for dep_context=requeueable deps ti=<TaskInstance: sensor_data_pipeline.query_avg_temp manual__2025-03-31T22:00:18.339898+00:00 [queued]>
[2025-03-31T22:05:33.831+0000] {taskinstance.py:2306} INFO - Starting attempt 2 of 2
[2025-03-31T22:05:33.839+0000] {taskinstance.py:2330} INFO - Executing <Task(PythonOperator): query_avg_temp> on 2025-03-31 22:00:18.339898+00:00
[2025-03-31T22:05:33.841+0000] {standard_task_runner.py:64} INFO - Started process 254 to run task
[2025-03-31T22:05:33.844+0000] {standard_task_runner.py:90} INFO - Running: ['airflow', 'tasks', 'run', 'sensor_data_pipeline', 'query_avg_temp', 'manual__2025-03-31T22:00:18.339898+00:00', '--job-id', '64', '--raw', '--subdir', 'DAGS_FOLDER/pipeline.py', '--cfg-path', '/tmp/tmp02g30t1x']
[2025-03-31T22:05:33.845+0000] {standard_task_runner.py:91} INFO - Job 64: Subtask query_avg_temp
[2025-03-31T22:05:33.861+0000] {task_command.py:426} INFO - Running <TaskInstance: sensor_data_pipeline.query_avg_temp manual__2025-03-31T22:00:18.339898+00:00 [running]> on host airflow
[2025-03-31T22:05:33.888+0000] {taskinstance.py:2648} INFO - Exporting env vars: AIRFLOW_CTX_DAG_OWNER='airflow' AIRFLOW_CTX_DAG_ID='sensor_data_pipeline' AIRFLOW_CTX_TASK_ID='query_avg_temp' AIRFLOW_CTX_EXECUTION_DATE='2025-03-31T22:00:18.339898+00:00' AIRFLOW_CTX_TRY_NUMBER='2' AIRFLOW_CTX_DAG_RUN_ID='manual__2025-03-31T22:00:18.339898+00:00'
[2025-03-31T22:05:33.888+0000] {taskinstance.py:430} INFO - ::endgroup::
[2025-03-31T22:05:33.893+0000] {pipeline.py:178} INFO - Executing query to get average temperature by location and day
[2025-03-31T22:05:33.896+0000] {base.py:84} INFO - Using connection ID 'hive_default' for task execution.
[2025-03-31T22:05:33.919+0000] {hive.py:475} INFO - USE `default`
[2025-03-31T22:05:33.929+0000] {hive.py:475} INFO - 
            SELECT
                record_datetime,
                AVG(temperature_salon) AS avg_temperature_salon,
                AVG(temperature_chambre) AS avg_temperature_chambre,
                AVG(temperature_bureau) AS avg_temperature_bureau,
                AVG(temperature_exterieur) AS avg_temperature_exterieur
            FROM sensors.records
            GROUP BY record_datetime
        
[2025-03-31T22:05:36.282+0000] {pipeline.py:197} INFO - Query executed successfully. Rows returned: [('2023-09-01', 23.85458323160807, 24.75770829518636, 24.548333422342935, 22.763937377929686), ('2023-09-02', 23.318880180517834, 25.725260416666668, 24.493750055631, 20.56173825263977), ('2023-09-03', 25.076367179552715, 27.03476558128993, 25.541210909684498, 21.27413413921992), ('2023-09-04', 26.003450493017834, 27.328776081403095, 26.175357977549236, 21.711373766263325), ('2023-09-05', 26.148958325386047, 27.481770833333332, 26.7790691057841, 22.055156310399372), ('2023-09-06', 26.05455736319224, 27.80312504371007, 26.95520826180776, 21.071373720963795), ('2023-09-07', 26.627864559491474, 28.281835973262787, 27.36803396542867, 21.932373106479645), ('2023-09-08', 26.852929631869, 28.861751278241474, 27.674641927083332, 22.550375998020172), ('2023-09-09', 27.18535151084264, 29.33440754810969, 27.95380864540736, 23.170779665311176), ('2023-09-10', 27.464843849341076, 29.70852867762248, 28.24700520435969, 23.59681648015976), ('2023-09-11', 26.66126298904419, 29.557747542858124, 27.943033913771313, 23.498828152815502), ('2023-09-12', 27.34101567665736, 29.902148485183716, 28.632356762886047, 24.327519575754803), ('2023-09-13', 25.533658862113953, 29.406054655710857, 27.274804691473644, 21.22202471892039), ('2023-09-14', 24.943815032641094, 27.25520823399226, 26.14908856153488, 18.882272084554035), ('2023-09-15', 23.389713525772095, 25.94498699903488, 24.655533870061237, 18.547148416439693), ('2023-09-16', 23.899869859218597, 26.86070970694224, 25.06738277276357, 20.10005862514178), ('2023-09-17', 24.917122443517048, 26.93623048067093, 25.681770881017048, 22.60107429822286), ('2023-09-18', 25.89905599753062, 28.72773430744807, 26.348502616087597, 20.240527391433716), ('2023-09-19', 24.398990948994953, 27.087500035762787, 25.29791667064031, 19.110345115264256), ('2023-09-20', 24.49915357430776, 27.823307355244953, 25.642903645833332, 19.04655595620473), ('2023-09-21', 25.209440032641094, 27.16119788090388, 25.88248695929845, 19.432037721077602), ('2023-09-22', 22.92994797229767, 26.826106707255047, 24.420052071412403, 16.488541662693024), ('2023-09-23', 23.57317707935969, 25.830533901850384, 24.26979172229767, 14.228450536727905), ('2023-09-24', 22.755143225193024, 25.79440102974574, 23.43841145435969, 13.80419917901357), ('2023-09-25', 22.028580764929455, 24.814843753973644, 22.931054711341858, 14.105579450726509), ('2023-09-26', 21.70644535621007, 24.079361995061237, 22.280989567438763, 15.036207695802053), ('2023-09-27', 22.188850899537403, 24.515380859375, 22.836433867613476, 16.34436124563217), ('2023-09-28', 22.246728440125782, 24.422802766164143, 23.146362364292145, 16.020398010810215), ('2023-09-29', 22.33304039637248, 24.435042361418407, 23.448217848936718, 15.977331529060999), ('2023-09-30', 22.292496701081593, 24.42488604784012, 23.69808755318324, 15.448687354723612), ('2023-10-01', 22.07102859020233, 24.50221347808838, 23.69215500354767, 16.176529943943024), ('2023-10-02', 22.73059896628062, 25.005533774693806, 24.169661462306976, 17.947975198427837), ('2023-10-03', 23.021712203820545, 26.018750031789143, 24.575325568517048, 19.217890709638596), ('2023-10-04', 22.60205078125, 24.3229816754659, 23.92473961909612, 13.972265640894571), ('2023-10-05', 20.04355464378993, 23.71725259224574, 22.367578049500782, 12.020631556709608), ('2023-10-06', 21.34902348121007, 23.623697976271313, 22.30462239185969, 12.105585967501005), ('2023-10-07', 17.942057232062023, 23.72226556142171, 19.720052023728687, 13.368606815735498), ('2023-10-08', 19.021940102179844, 24.812695384025574, 20.733593702316284, 15.805117140213648), ('2023-10-09', 21.692968646685284, 24.56582037607829, 22.55846361319224, 17.103085945049923), ('2023-10-10', 22.236914118131, 25.134895881017048, 22.845377524693806, 16.648880183696747), ('2023-10-11', 21.872721274693806, 24.69329422712326, 22.578385492165882, 17.68559245268504), ('2023-10-12', 22.5244140625, 25.31321620941162, 23.21074213584264, 19.845325529575348), ('2023-10-13', 22.51074222723643, 25.33242177963257, 23.32597666978836, 21.55871096253395), ('2023-10-14', 23.75735678275426, 26.79290364185969, 24.126692752043407, 18.088639318943024), ('2023-10-15', 20.376953065395355, 23.873762985070545, 22.184700508912403, 10.662565176685652), ('2023-10-16', 19.558040390412014, 22.86048177878062, 21.659570316473644, 7.2458007882038755), ('2023-10-17', 17.973014275232952, 20.84746092557907, 19.37454428275426, 7.582304686307907), ('2023-10-18', 16.85156253973643, 21.976041575272877, 18.290364583333332, 7.0196744700272875), ('2023-10-19', 19.86432288090388, 23.140755196412403, 19.688151081403095, 13.206106752157211), ('2023-10-20', 20.55717569589615, 23.38372391462326, 20.773797671000164, 14.991471340258917), ('2023-10-21', 20.155535976092022, 23.702604194482166, 20.61047963301341, 15.680563161770502), ('2023-10-22', 20.002343734105427, 23.870304385821026, 20.21880700190862, 13.561980803807577), ('2023-10-23', 19.043343166510265, 24.6179442803065, 20.57754723230998, 8.513141299287478), ('2023-10-24', 19.333642562230427, 23.33066401878993, 20.057389358679455, 12.038066426912943), ('2023-10-25', 20.351920545101166, 23.18854171037674, 20.680631458759308, 11.4232617020607), ('2023-10-26', 20.459244807561237, 23.645117262999218, 21.39772133032481, 12.742480486631393), ('2023-10-27', 19.681250075499218, 24.073502500851948, 19.899218757947285, 12.224212229251862), ('2023-10-28', 18.926953037579853, 21.942122479279835, 18.09674471616745, 12.541595021883646), ('2023-10-29', 18.38613287607829, 21.788541515668232, 18.060156265894573, 13.94162114461263), ('2023-10-30', 19.929557243982952, 24.55559895435969, 19.615885416666668, 13.329713523387909), ('2023-10-31', 19.917317748069763, 22.367773433526356, 19.388997356096905, 11.9571093916893), ('2023-11-01', 18.078450510899227, 21.75989576180776, 18.42688802878062, 12.252701789140701), ('2023-11-02', 17.356575568517048, 21.376562535762787, 17.69440100590388, 10.704654932022095), ('2023-11-03', 15.817252606153488, 20.565690100193024, 16.74609371026357, 8.279778679211935), ('2023-11-04', 20.412760456403095, 20.514973958333332, 18.65631514787674, 9.08566401898861), ('2023-11-05', 19.638085921605427, 21.146158814430237, 18.213997383912403, 12.110266904036203), ('2023-11-06', 19.452937881151836, 22.749853511651356, 18.00182290871938, 10.562945147355398), ('2023-11-07', 19.99101561307907, 23.713476598262787, 19.28704426685969, 8.91962238152822), ('2023-11-08', 19.675716161727905, 22.426041702429455, 18.882356723149616, 8.371959631641706), ('2023-11-09', 18.448958337306976, 22.88470051685969, 17.981575568517048, 8.902024711171785), ('2023-11-10', 18.317294578029685, 22.993664362659192, 17.641695100967198, 9.016618127692235)]
[2025-03-31T22:05:36.283+0000] {pipeline.py:198} INFO - Results:
[2025-03-31T22:05:36.283+0000] {pipeline.py:199} INFO - datetime | avg_temperature_salon | avg_temperature_chambre | avg_temperature_bureau | avg_temperature_exterieur
[2025-03-31T22:05:36.283+0000] {pipeline.py:203} INFO - ('2023-09-01', 23.85458323160807, 24.75770829518636, 24.548333422342935, 22.763937377929686)
[2025-03-31T22:05:36.283+0000] {pipeline.py:203} INFO - ('2023-09-02', 23.318880180517834, 25.725260416666668, 24.493750055631, 20.56173825263977)
[2025-03-31T22:05:36.283+0000] {pipeline.py:203} INFO - ('2023-09-03', 25.076367179552715, 27.03476558128993, 25.541210909684498, 21.27413413921992)
[2025-03-31T22:05:36.284+0000] {pipeline.py:203} INFO - ('2023-09-04', 26.003450493017834, 27.328776081403095, 26.175357977549236, 21.711373766263325)
[2025-03-31T22:05:36.284+0000] {pipeline.py:203} INFO - ('2023-09-05', 26.148958325386047, 27.481770833333332, 26.7790691057841, 22.055156310399372)
[2025-03-31T22:05:36.284+0000] {pipeline.py:203} INFO - ('2023-09-06', 26.05455736319224, 27.80312504371007, 26.95520826180776, 21.071373720963795)
[2025-03-31T22:05:36.284+0000] {pipeline.py:203} INFO - ('2023-09-07', 26.627864559491474, 28.281835973262787, 27.36803396542867, 21.932373106479645)
[2025-03-31T22:05:36.284+0000] {pipeline.py:203} INFO - ('2023-09-08', 26.852929631869, 28.861751278241474, 27.674641927083332, 22.550375998020172)
[2025-03-31T22:05:36.284+0000] {pipeline.py:203} INFO - ('2023-09-09', 27.18535151084264, 29.33440754810969, 27.95380864540736, 23.170779665311176)
[2025-03-31T22:05:36.284+0000] {pipeline.py:203} INFO - ('2023-09-10', 27.464843849341076, 29.70852867762248, 28.24700520435969, 23.59681648015976)
[2025-03-31T22:05:36.284+0000] {pipeline.py:203} INFO - ('2023-09-11', 26.66126298904419, 29.557747542858124, 27.943033913771313, 23.498828152815502)
[2025-03-31T22:05:36.284+0000] {pipeline.py:203} INFO - ('2023-09-12', 27.34101567665736, 29.902148485183716, 28.632356762886047, 24.327519575754803)
[2025-03-31T22:05:36.284+0000] {pipeline.py:203} INFO - ('2023-09-13', 25.533658862113953, 29.406054655710857, 27.274804691473644, 21.22202471892039)
[2025-03-31T22:05:36.284+0000] {pipeline.py:203} INFO - ('2023-09-14', 24.943815032641094, 27.25520823399226, 26.14908856153488, 18.882272084554035)
[2025-03-31T22:05:36.284+0000] {pipeline.py:203} INFO - ('2023-09-15', 23.389713525772095, 25.94498699903488, 24.655533870061237, 18.547148416439693)
[2025-03-31T22:05:36.285+0000] {pipeline.py:203} INFO - ('2023-09-16', 23.899869859218597, 26.86070970694224, 25.06738277276357, 20.10005862514178)
[2025-03-31T22:05:36.285+0000] {pipeline.py:203} INFO - ('2023-09-17', 24.917122443517048, 26.93623048067093, 25.681770881017048, 22.60107429822286)
[2025-03-31T22:05:36.285+0000] {pipeline.py:203} INFO - ('2023-09-18', 25.89905599753062, 28.72773430744807, 26.348502616087597, 20.240527391433716)
[2025-03-31T22:05:36.285+0000] {pipeline.py:203} INFO - ('2023-09-19', 24.398990948994953, 27.087500035762787, 25.29791667064031, 19.110345115264256)
[2025-03-31T22:05:36.285+0000] {pipeline.py:203} INFO - ('2023-09-20', 24.49915357430776, 27.823307355244953, 25.642903645833332, 19.04655595620473)
[2025-03-31T22:05:36.285+0000] {pipeline.py:203} INFO - ('2023-09-21', 25.209440032641094, 27.16119788090388, 25.88248695929845, 19.432037721077602)
[2025-03-31T22:05:36.285+0000] {pipeline.py:203} INFO - ('2023-09-22', 22.92994797229767, 26.826106707255047, 24.420052071412403, 16.488541662693024)
[2025-03-31T22:05:36.285+0000] {pipeline.py:203} INFO - ('2023-09-23', 23.57317707935969, 25.830533901850384, 24.26979172229767, 14.228450536727905)
[2025-03-31T22:05:36.285+0000] {pipeline.py:203} INFO - ('2023-09-24', 22.755143225193024, 25.79440102974574, 23.43841145435969, 13.80419917901357)
[2025-03-31T22:05:36.285+0000] {pipeline.py:203} INFO - ('2023-09-25', 22.028580764929455, 24.814843753973644, 22.931054711341858, 14.105579450726509)
[2025-03-31T22:05:36.285+0000] {pipeline.py:203} INFO - ('2023-09-26', 21.70644535621007, 24.079361995061237, 22.280989567438763, 15.036207695802053)
[2025-03-31T22:05:36.285+0000] {pipeline.py:203} INFO - ('2023-09-27', 22.188850899537403, 24.515380859375, 22.836433867613476, 16.34436124563217)
[2025-03-31T22:05:36.285+0000] {pipeline.py:203} INFO - ('2023-09-28', 22.246728440125782, 24.422802766164143, 23.146362364292145, 16.020398010810215)
[2025-03-31T22:05:36.285+0000] {pipeline.py:203} INFO - ('2023-09-29', 22.33304039637248, 24.435042361418407, 23.448217848936718, 15.977331529060999)
[2025-03-31T22:05:36.285+0000] {pipeline.py:203} INFO - ('2023-09-30', 22.292496701081593, 24.42488604784012, 23.69808755318324, 15.448687354723612)
[2025-03-31T22:05:36.286+0000] {pipeline.py:203} INFO - ('2023-10-01', 22.07102859020233, 24.50221347808838, 23.69215500354767, 16.176529943943024)
[2025-03-31T22:05:36.286+0000] {pipeline.py:203} INFO - ('2023-10-02', 22.73059896628062, 25.005533774693806, 24.169661462306976, 17.947975198427837)
[2025-03-31T22:05:36.286+0000] {pipeline.py:203} INFO - ('2023-10-03', 23.021712203820545, 26.018750031789143, 24.575325568517048, 19.217890709638596)
[2025-03-31T22:05:36.286+0000] {pipeline.py:203} INFO - ('2023-10-04', 22.60205078125, 24.3229816754659, 23.92473961909612, 13.972265640894571)
[2025-03-31T22:05:36.286+0000] {pipeline.py:203} INFO - ('2023-10-05', 20.04355464378993, 23.71725259224574, 22.367578049500782, 12.020631556709608)
[2025-03-31T22:05:36.286+0000] {pipeline.py:203} INFO - ('2023-10-06', 21.34902348121007, 23.623697976271313, 22.30462239185969, 12.105585967501005)
[2025-03-31T22:05:36.286+0000] {pipeline.py:203} INFO - ('2023-10-07', 17.942057232062023, 23.72226556142171, 19.720052023728687, 13.368606815735498)
[2025-03-31T22:05:36.286+0000] {pipeline.py:203} INFO - ('2023-10-08', 19.021940102179844, 24.812695384025574, 20.733593702316284, 15.805117140213648)
[2025-03-31T22:05:36.286+0000] {pipeline.py:203} INFO - ('2023-10-09', 21.692968646685284, 24.56582037607829, 22.55846361319224, 17.103085945049923)
[2025-03-31T22:05:36.286+0000] {pipeline.py:203} INFO - ('2023-10-10', 22.236914118131, 25.134895881017048, 22.845377524693806, 16.648880183696747)
[2025-03-31T22:05:36.286+0000] {pipeline.py:203} INFO - ('2023-10-11', 21.872721274693806, 24.69329422712326, 22.578385492165882, 17.68559245268504)
[2025-03-31T22:05:36.286+0000] {pipeline.py:203} INFO - ('2023-10-12', 22.5244140625, 25.31321620941162, 23.21074213584264, 19.845325529575348)
[2025-03-31T22:05:36.286+0000] {pipeline.py:203} INFO - ('2023-10-13', 22.51074222723643, 25.33242177963257, 23.32597666978836, 21.55871096253395)
[2025-03-31T22:05:36.286+0000] {pipeline.py:203} INFO - ('2023-10-14', 23.75735678275426, 26.79290364185969, 24.126692752043407, 18.088639318943024)
[2025-03-31T22:05:36.286+0000] {pipeline.py:203} INFO - ('2023-10-15', 20.376953065395355, 23.873762985070545, 22.184700508912403, 10.662565176685652)
[2025-03-31T22:05:36.286+0000] {pipeline.py:203} INFO - ('2023-10-16', 19.558040390412014, 22.86048177878062, 21.659570316473644, 7.2458007882038755)
[2025-03-31T22:05:36.287+0000] {pipeline.py:203} INFO - ('2023-10-17', 17.973014275232952, 20.84746092557907, 19.37454428275426, 7.582304686307907)
[2025-03-31T22:05:36.287+0000] {pipeline.py:203} INFO - ('2023-10-18', 16.85156253973643, 21.976041575272877, 18.290364583333332, 7.0196744700272875)
[2025-03-31T22:05:36.287+0000] {pipeline.py:203} INFO - ('2023-10-19', 19.86432288090388, 23.140755196412403, 19.688151081403095, 13.206106752157211)
[2025-03-31T22:05:36.287+0000] {pipeline.py:203} INFO - ('2023-10-20', 20.55717569589615, 23.38372391462326, 20.773797671000164, 14.991471340258917)
[2025-03-31T22:05:36.287+0000] {pipeline.py:203} INFO - ('2023-10-21', 20.155535976092022, 23.702604194482166, 20.61047963301341, 15.680563161770502)
[2025-03-31T22:05:36.287+0000] {pipeline.py:203} INFO - ('2023-10-22', 20.002343734105427, 23.870304385821026, 20.21880700190862, 13.561980803807577)
[2025-03-31T22:05:36.287+0000] {pipeline.py:203} INFO - ('2023-10-23', 19.043343166510265, 24.6179442803065, 20.57754723230998, 8.513141299287478)
[2025-03-31T22:05:36.287+0000] {pipeline.py:203} INFO - ('2023-10-24', 19.333642562230427, 23.33066401878993, 20.057389358679455, 12.038066426912943)
[2025-03-31T22:05:36.287+0000] {pipeline.py:203} INFO - ('2023-10-25', 20.351920545101166, 23.18854171037674, 20.680631458759308, 11.4232617020607)
[2025-03-31T22:05:36.287+0000] {pipeline.py:203} INFO - ('2023-10-26', 20.459244807561237, 23.645117262999218, 21.39772133032481, 12.742480486631393)
[2025-03-31T22:05:36.287+0000] {pipeline.py:203} INFO - ('2023-10-27', 19.681250075499218, 24.073502500851948, 19.899218757947285, 12.224212229251862)
[2025-03-31T22:05:36.287+0000] {pipeline.py:203} INFO - ('2023-10-28', 18.926953037579853, 21.942122479279835, 18.09674471616745, 12.541595021883646)
[2025-03-31T22:05:36.287+0000] {pipeline.py:203} INFO - ('2023-10-29', 18.38613287607829, 21.788541515668232, 18.060156265894573, 13.94162114461263)
[2025-03-31T22:05:36.287+0000] {pipeline.py:203} INFO - ('2023-10-30', 19.929557243982952, 24.55559895435969, 19.615885416666668, 13.329713523387909)
[2025-03-31T22:05:36.287+0000] {pipeline.py:203} INFO - ('2023-10-31', 19.917317748069763, 22.367773433526356, 19.388997356096905, 11.9571093916893)
[2025-03-31T22:05:36.288+0000] {pipeline.py:203} INFO - ('2023-11-01', 18.078450510899227, 21.75989576180776, 18.42688802878062, 12.252701789140701)
[2025-03-31T22:05:36.288+0000] {pipeline.py:203} INFO - ('2023-11-02', 17.356575568517048, 21.376562535762787, 17.69440100590388, 10.704654932022095)
[2025-03-31T22:05:36.288+0000] {pipeline.py:203} INFO - ('2023-11-03', 15.817252606153488, 20.565690100193024, 16.74609371026357, 8.279778679211935)
[2025-03-31T22:05:36.288+0000] {pipeline.py:203} INFO - ('2023-11-04', 20.412760456403095, 20.514973958333332, 18.65631514787674, 9.08566401898861)
[2025-03-31T22:05:36.288+0000] {pipeline.py:203} INFO - ('2023-11-05', 19.638085921605427, 21.146158814430237, 18.213997383912403, 12.110266904036203)
[2025-03-31T22:05:36.288+0000] {pipeline.py:203} INFO - ('2023-11-06', 19.452937881151836, 22.749853511651356, 18.00182290871938, 10.562945147355398)
[2025-03-31T22:05:36.288+0000] {pipeline.py:203} INFO - ('2023-11-07', 19.99101561307907, 23.713476598262787, 19.28704426685969, 8.91962238152822)
[2025-03-31T22:05:36.288+0000] {pipeline.py:203} INFO - ('2023-11-08', 19.675716161727905, 22.426041702429455, 18.882356723149616, 8.371959631641706)
[2025-03-31T22:05:36.288+0000] {pipeline.py:203} INFO - ('2023-11-09', 18.448958337306976, 22.88470051685969, 17.981575568517048, 8.902024711171785)
[2025-03-31T22:05:36.288+0000] {pipeline.py:203} INFO - ('2023-11-10', 18.317294578029685, 22.993664362659192, 17.641695100967198, 9.016618127692235)
[2025-03-31T22:05:36.288+0000] {pipeline.py:204} INFO - Closing Hive connection
[2025-03-31T22:05:36.288+0000] {python.py:237} INFO - Done. Returned value was: None
[2025-03-31T22:05:36.289+0000] {taskinstance.py:441} INFO - ::group::Post task execution logs
[2025-03-31T22:05:36.292+0000] {taskinstance.py:1206} INFO - Marking task as SUCCESS. dag_id=sensor_data_pipeline, task_id=query_avg_temp, run_id=manual__2025-03-31T22:00:18.339898+00:00, execution_date=20250331T220018, start_date=20250331T220533, end_date=20250331T220536
[2025-03-31T22:05:36.310+0000] {local_task_job_runner.py:243} INFO - Task exited with return code 0
[2025-03-31T22:05:36.320+0000] {taskinstance.py:3503} INFO - 0 downstream tasks scheduled from follow-on schedule check
[2025-03-31T22:05:36.320+0000] {local_task_job_runner.py:222} INFO - ::endgroup::
